TN:
SF:/Users/ben_cripps/Documents/Dev/jss/reactgrid/src/actions/GridActions.js
FN:27,_interopRequireDefault
FN:29,getAsyncData
FN:34,(anonymous_3)
FN:42,(anonymous_4)
FN:80,(anonymous_5)
FN:107,setColumns
FN:115,(anonymous_7)
FN:124,setSortDirection
FN:133,(anonymous_9)
FN:149,doLocalSort
FN:156,doRemoteSort
FN:164,(anonymous_12)
FN:169,(anonymous_13)
FN:210,(anonymous_14)
FN:234,setColumnVisibility
FN:242,(anonymous_16)
FN:253,resizeColumns
FN:261,(anonymous_18)
FN:279,setData
FNF:19
FNH:17
FNDA:1,_interopRequireDefault
FNDA:2,getAsyncData
FNDA:2,(anonymous_3)
FNDA:2,(anonymous_4)
FNDA:0,(anonymous_5)
FNDA:8,setColumns
FNDA:2,(anonymous_7)
FNDA:2,setSortDirection
FNDA:4,(anonymous_9)
FNDA:1,doLocalSort
FNDA:1,doRemoteSort
FNDA:1,(anonymous_12)
FNDA:1,(anonymous_13)
FNDA:0,(anonymous_14)
FNDA:2,setColumnVisibility
FNDA:4,(anonymous_16)
FNDA:2,resizeColumns
FNDA:4,(anonymous_18)
FNDA:7,setData
DA:0,1
DA:1,1
DA:10,1
DA:12,1
DA:14,1
DA:16,1
DA:18,2
DA:20,2
DA:22,2
DA:24,2
DA:28,2
DA:30,2
DA:32,2
DA:34,1
DA:38,1
DA:46,1
DA:49,1
DA:51,1
DA:55,1
DA:63,1
DA:67,1
DA:77,0
DA:79,0
DA:84,0
DA:86,0
DA:98,0
DA:106,0
DA:116,8
DA:118,8
DA:120,8
DA:121,1
DA:122,2
DA:123,2
DA:127,8
DA:130,1
DA:132,2
DA:134,2
DA:136,2
DA:138,4
DA:139,2
DA:145,2
DA:148,4
DA:151,2
DA:154,1
DA:155,1
DA:158,1
DA:160,1
DA:162,1
DA:164,1
DA:168,1
DA:169,1
DA:171,1
DA:173,1
DA:186,0
DA:188,0
DA:192,0
DA:200,0
DA:208,1
DA:215,0
DA:225,0
DA:227,0
DA:238,0
DA:245,0
DA:253,2
DA:254,2
DA:256,2
DA:257,4
DA:258,2
DA:261,4
DA:264,2
DA:267,2
DA:269,2
DA:271,4
DA:272,2
DA:275,2
DA:276,1
DA:279,4
DA:283,2
DA:291,7
DA:292,7
LF:80
LH:65
BRDA:27,1,0,1
BRDA:27,1,1,0
BRDA:27,2,0,1
BRDA:27,2,1,1
BRDA:40,3,0,2
BRDA:40,3,1,0
BRDA:44,4,0,1
BRDA:44,4,1,1
BRDA:44,5,0,2
BRDA:44,5,1,2
BRDA:59,6,0,1
BRDA:59,6,1,0
BRDA:59,7,0,1
BRDA:59,7,1,1
BRDA:75,8,0,0
BRDA:75,8,1,0
BRDA:82,9,0,0
BRDA:82,9,1,0
BRDA:82,10,0,0
BRDA:82,10,1,0
BRDA:114,11,0,1
BRDA:114,11,1,7
BRDA:135,12,0,2
BRDA:135,12,1,2
BRDA:168,13,0,1
BRDA:168,13,1,0
BRDA:171,14,0,1
BRDA:171,14,1,0
BRDA:171,15,0,1
BRDA:171,15,1,1
BRDA:183,16,0,0
BRDA:183,16,1,0
BRDA:183,17,0,0
BRDA:183,17,1,0
BRDA:212,18,0,0
BRDA:212,18,1,0
BRDA:212,19,0,0
BRDA:212,19,1,0
BRDA:243,20,0,2
BRDA:243,20,1,2
BRDA:263,21,0,2
BRDA:263,21,1,2
BRDA:265,22,0,1
BRDA:265,22,1,1
BRF:44
BRH:26
end_of_record
TN:
SF:/Users/ben_cripps/Documents/Dev/jss/reactgrid/src/constants/ActionTypes.js
FNF:0
FNH:0
DA:0,1
DA:1,1
DA:2,1
DA:4,1
DA:5,1
DA:7,1
DA:8,1
DA:9,1
DA:11,1
DA:12,1
DA:13,1
DA:15,1
DA:16,1
DA:18,1
DA:20,1
DA:21,1
DA:23,1
DA:24,1
DA:26,1
DA:27,1
DA:29,1
DA:31,1
DA:32,1
DA:33,1
DA:34,1
DA:35,1
DA:36,1
DA:37,1
DA:38,1
DA:40,1
DA:42,1
DA:43,1
DA:44,1
DA:45,1
DA:46,1
DA:47,1
LF:36
LH:36
BRF:0
BRH:0
end_of_record
TN:
SF:/Users/ben_cripps/Documents/Dev/jss/reactgrid/src/actions/plugins/loader/LoaderActions.js
FN:10,setLoaderState
FNF:1
FNH:1
FNDA:7,setLoaderState
DA:0,1
DA:1,1
DA:5,7
DA:6,7
LF:4
LH:4
BRF:0
BRH:0
end_of_record
TN:
SF:/Users/ben_cripps/Documents/Dev/jss/reactgrid/src/actions/plugins/editor/EditorActions.js
FN:20,editRow
FN:41,repositionEditor
FN:52,dismissEditor
FN:58,updateCellValue
FN:75,saveRow
FN:83,cancelRow
FN:89,removeRow
FN:96,setEditorValidation
FN:103,addNewRow
FN:109,(anonymous_10)
FNF:10
FNH:10
FNDA:4,editRow
FNDA:1,repositionEditor
FNDA:4,dismissEditor
FNDA:1,updateCellValue
FNDA:1,saveRow
FNDA:1,cancelRow
FNDA:1,removeRow
FNDA:1,setEditorValidation
FNDA:1,addNewRow
FNDA:1,(anonymous_10)
DA:0,1
DA:1,1
DA:13,1
DA:15,1
DA:17,4
DA:18,4
DA:30,1
DA:31,1
DA:38,4
DA:39,4
DA:42,1
DA:43,1
DA:53,1
DA:54,1
DA:57,1
DA:58,1
DA:61,1
DA:62,1
DA:65,1
DA:66,1
DA:69,1
DA:71,1
DA:72,1
DA:73,1
DA:74,1
DA:75,1
DA:76,1
DA:78,1
DA:80,1
LF:29
LH:29
BRDA:112,1,0,1
BRDA:112,1,1,0
BRF:2
BRH:1
end_of_record
TN:
SF:/Users/ben_cripps/Documents/Dev/jss/reactgrid/src/util/keyGenerator.js
FN:8,keyGenerator
FN:16,keyFromObject
FN:19,(anonymous_3)
FN:23,(anonymous_4)
FNF:4
FNH:4
FNDA:472,keyGenerator
FNDA:410,keyFromObject
FNDA:904,(anonymous_3)
FNDA:253,(anonymous_4)
DA:0,1
DA:1,846
DA:2,472
DA:5,1
DA:7,410
DA:8,904
DA:12,253
LF:7
LH:7
BRDA:18,1,0,308
BRDA:18,1,1,102
BRDA:18,2,0,410
BRDA:18,2,1,308
BRF:4
BRH:4
end_of_record
TN:
SF:/Users/ben_cripps/Documents/Dev/jss/reactgrid/src/components/plugins/ajax/Request.js
FN:6,api
FN:7,(anonymous_2)
FN:33,setRequestHeaders
FN:69,addAjaxEvents
FN:71,getResponse
FN:82,buildQueryString
FNF:6
FNH:6
FNDA:1,api
FNDA:1,(anonymous_2)
FNDA:1,setRequestHeaders
FNDA:1,addAjaxEvents
FNDA:1,getResponse
FNDA:1,buildQueryString
DA:0,1
DA:1,1
DA:2,1
DA:4,1
DA:5,0
DA:8,1
DA:9,1
DA:12,1
DA:14,1
DA:16,1
DA:18,1
DA:20,1
DA:22,1
DA:26,1
DA:29,1
DA:31,1
DA:32,1
DA:37,1
DA:38,1
DA:41,0
DA:42,0
DA:46,1
DA:48,1
DA:49,1
DA:50,1
DA:54,1
DA:58,1
DA:63,1
DA:65,1
DA:67,1
DA:68,1
DA:71,0
DA:72,0
DA:75,0
DA:78,1
LF:35
LH:29
BRDA:9,1,0,0
BRDA:9,1,1,1
BRDA:13,2,0,1
BRDA:13,2,1,0
BRDA:27,3,0,1
BRDA:27,3,1,0
BRDA:35,4,0,1
BRDA:35,4,1,0
BRDA:35,5,0,1
BRDA:35,5,1,0
BRDA:39,6,0,1
BRDA:39,6,1,0
BRDA:58,7,0,0
BRDA:58,7,1,0
BRDA:58,8,0,0
BRDA:58,8,1,0
BRDA:62,9,0,0
BRDA:62,9,1,0
BRDA:86,10,0,1
BRDA:86,10,1,0
BRDA:105,11,0,0
BRDA:105,11,1,0
BRDA:105,12,0,0
BRDA:105,12,1,0
BRDA:109,13,0,0
BRDA:109,13,1,0
BRF:26
BRH:7
end_of_record
TN:
SF:/Users/ben_cripps/Documents/Dev/jss/reactgrid/src/actions/core/ColumnManager.js
FN:10,reorderColumn
FN:17,reorder
FNF:2
FNH:2
FNDA:2,reorderColumn
FNDA:2,reorder
DA:0,1
DA:1,1
DA:5,1
DA:7,2
DA:9,2
DA:10,2
DA:11,2
DA:14,2
DA:16,2
LF:9
LH:9
BRF:0
BRH:0
end_of_record
TN:
SF:/Users/ben_cripps/Documents/Dev/jss/reactgrid/src/actions/index.js
FN:48,_interopRequireWildcard
FNF:1
FNH:1
FNDA:10,_interopRequireWildcard
DA:0,10
DA:1,1
DA:3,1
DA:5,1
DA:7,1
DA:10,1
DA:12,1
DA:14,1
DA:16,1
DA:18,1
DA:20,1
DA:22,1
LF:12
LH:12
BRDA:48,1,0,10
BRDA:48,1,1,0
BRDA:48,2,0,10
BRDA:48,2,1,10
BRDA:48,3,0,0
BRDA:48,3,1,0
BRDA:48,4,0,0
BRDA:48,4,1,0
BRF:8
BRH:8
end_of_record
TN:
SF:/Users/ben_cripps/Documents/Dev/jss/reactgrid/src/actions/plugins/bulkactions/ToolbarActions.js
FN:10,removeToolbar
FNF:1
FNH:1
FNDA:2,removeToolbar
DA:0,1
DA:1,1
DA:5,2
DA:6,2
LF:4
LH:4
BRF:0
BRH:0
end_of_record
TN:
SF:/Users/ben_cripps/Documents/Dev/jss/reactgrid/src/actions/plugins/errorhandler/ErrorHandlerActions.js
FN:10,dismissError
FNF:1
FNH:1
FNDA:1,dismissError
DA:0,1
DA:1,1
DA:5,1
DA:6,1
LF:4
LH:4
BRF:0
BRH:0
end_of_record
TN:
SF:/Users/ben_cripps/Documents/Dev/jss/reactgrid/src/actions/plugins/filter/FilterActions.js
FN:24,_interopRequireDefault
FN:26,setFilter
FN:44,doLocalFilter
FN:51,doRemoteFilter
FN:59,(anonymous_5)
FN:71,(anonymous_6)
FN:95,setFilterMenuValues
FN:102,clearFilterRemote
FN:109,clearFilterLocal
FN:115,showFilterMenu
FNF:10
FNH:1
FNDA:1,_interopRequireDefault
FNDA:0,setFilter
FNDA:0,doLocalFilter
FNDA:0,doRemoteFilter
FNDA:0,(anonymous_5)
FNDA:0,(anonymous_6)
FNDA:0,setFilterMenuValues
FNDA:0,clearFilterRemote
FNDA:0,clearFilterLocal
FNDA:0,showFilterMenu
DA:0,1
DA:1,1
DA:12,1
DA:14,1
DA:16,1
DA:18,1
DA:20,0
DA:26,0
DA:27,0
DA:30,0
DA:34,1
DA:35,0
DA:38,1
DA:40,0
DA:42,0
DA:44,0
DA:48,0
DA:58,0
DA:60,0
DA:71,0
DA:78,0
DA:87,1
DA:88,0
DA:91,1
DA:92,0
DA:95,1
DA:96,0
DA:99,1
DA:100,0
DA:102,0
DA:106,0
DA:107,0
DA:110,0
LF:33
LH:12
BRDA:24,1,0,1
BRDA:24,1,1,0
BRDA:24,2,0,1
BRDA:24,2,1,1
BRDA:37,3,0,0
BRDA:37,3,1,0
BRDA:37,4,0,0
BRDA:37,4,1,0
BRDA:73,5,0,0
BRDA:73,5,1,0
BRDA:73,6,0,0
BRDA:73,6,1,0
BRDA:126,7,0,0
BRDA:126,7,1,0
BRF:14
BRH:4
end_of_record
TN:
SF:/Users/ben_cripps/Documents/Dev/jss/reactgrid/src/actions/plugins/actioncolumn/MenuActions.js
FN:11,showMenu
FN:18,hideMenu
FNF:2
FNH:2
FNDA:2,showMenu
FNDA:2,hideMenu
DA:0,1
DA:1,1
DA:6,2
DA:7,2
DA:10,2
DA:11,2
LF:6
LH:6
BRF:0
BRH:0
end_of_record
TN:
SF:/Users/ben_cripps/Documents/Dev/jss/reactgrid/src/actions/plugins/pager/PagerActions.js
FN:20,_interopRequireDefault
FN:22,setPage
FN:33,setPageIndexAsync
FN:45,(anonymous_4)
FN:51,(anonymous_5)
FN:88,setPageAsync
FN:99,(anonymous_7)
FN:110,(anonymous_8)
FNF:8
FNH:4
FNDA:1,_interopRequireDefault
FNDA:1,setPage
FNDA:0,setPageIndexAsync
FNDA:0,(anonymous_4)
FNDA:0,(anonymous_5)
FNDA:1,setPageAsync
FNDA:1,(anonymous_7)
FNDA:0,(anonymous_8)
DA:0,1
DA:1,1
DA:8,1
DA:10,1
DA:12,1
DA:14,1
DA:16,1
DA:18,1
DA:21,1
DA:23,0
DA:25,0
DA:27,0
DA:29,0
DA:31,0
DA:35,0
DA:39,0
DA:41,0
DA:50,0
DA:52,0
DA:58,0
DA:59,0
DA:60,0
DA:63,0
DA:71,0
DA:79,1
DA:81,1
DA:83,1
DA:85,1
DA:87,1
DA:91,1
DA:100,0
DA:102,0
DA:108,0
DA:117,0
DA:123,0
LF:35
LH:15
BRDA:20,1,0,1
BRDA:20,1,1,0
BRDA:20,2,0,1
BRDA:20,2,1,1
BRDA:28,3,0,1
BRDA:28,3,1,0
BRDA:43,4,0,0
BRDA:43,4,1,0
BRDA:53,5,0,0
BRDA:53,5,1,0
BRDA:53,6,0,0
BRDA:53,6,1,0
BRDA:64,7,0,0
BRDA:64,7,1,0
BRDA:64,8,0,0
BRDA:64,8,1,0
BRDA:69,9,0,0
BRDA:69,9,1,0
BRDA:69,10,0,0
BRDA:69,10,1,0
BRDA:97,11,0,1
BRDA:97,11,1,0
BRDA:112,12,0,0
BRDA:112,12,1,0
BRDA:112,13,0,0
BRDA:112,13,1,0
BRF:26
BRH:6
end_of_record
TN:
SF:/Users/ben_cripps/Documents/Dev/jss/reactgrid/src/actions/plugins/selection/ModelActions.js
FN:14,selectAll
FN:18,(anonymous_2)
FN:22,(anonymous_3)
FN:29,deselectAll
FN:35,setSelection
FNF:5
FNH:5
FNDA:1,selectAll
FNDA:2,(anonymous_2)
FNDA:2,(anonymous_3)
FNDA:1,deselectAll
FNDA:6,setSelection
DA:0,1
DA:1,1
DA:8,1
DA:10,1
DA:11,2
DA:13,1
DA:14,2
DA:15,2
DA:17,1
DA:20,1
DA:21,1
DA:24,1
DA:26,6
DA:28,6
DA:29,6
DA:32,6
DA:33,1
DA:34,1
DA:37,5
DA:38,2
DA:41,3
DA:42,2
DA:45,1
DA:47,1
LF:24
LH:24
BRDA:38,1,0,0
BRDA:38,1,1,6
BRDA:40,2,0,0
BRDA:40,2,1,6
BRDA:45,3,0,6
BRDA:45,3,1,4
BRDA:47,4,0,1
BRDA:47,4,1,5
BRDA:52,5,0,2
BRDA:52,5,1,3
BRDA:54,6,0,2
BRDA:54,6,1,1
BRDA:56,7,0,1
BRDA:56,7,1,0
BRDA:56,8,0,1
BRDA:56,8,1,0
BRF:16
BRH:12
end_of_record
TN:
SF:/Users/ben_cripps/Documents/Dev/jss/reactgrid/src/constants/GridConstants.js
FNF:0
FNH:0
DA:0,1
DA:1,1
DA:3,1
DA:5,1
DA:7,1
DA:14,1
DA:19,1
DA:24,1
DA:29,1
DA:33,1
LF:10
LH:10
BRF:0
BRH:0
end_of_record
TN:
SF:/Users/ben_cripps/Documents/Dev/jss/reactgrid/src/components/Grid.jsx
FN:8,(anonymous_1)
FN:8,defineProperties
FN:8,(anonymous_3)
FN:70,_interopRequireDefault
FN:72,_toConsumableArray
FN:74,_classCallCheck
FN:76,_possibleConstructorReturn
FN:78,_inherits
FN:80,(anonymous_9)
FN:85,render
FN:237,componentWillMount
FN:277,Grid
FN:294,setData
FN:312,setColumns
FNF:14
FNH:14
FNDA:1,(anonymous_1)
FNDA:2,defineProperties
FNDA:2,(anonymous_3)
FNDA:10,_interopRequireDefault
FNDA:51,_toConsumableArray
FNDA:6,_classCallCheck
FNDA:6,_possibleConstructorReturn
FNDA:1,_inherits
FNDA:1,(anonymous_9)
FNDA:51,render
FNDA:6,componentWillMount
FNDA:6,Grid
FNDA:6,setData
FNDA:6,setColumns
DA:0,51
DA:1,1
DA:2,1
DA:3,1
DA:4,1
DA:5,1
DA:6,1
DA:9,1
DA:10,1
DA:11,1
DA:12,1
DA:13,1
DA:14,1
DA:15,1
DA:16,1
DA:17,1
DA:18,1
DA:19,1
DA:20,1
DA:21,1
DA:22,1
DA:26,51
DA:46,51
DA:50,51
DA:51,1
DA:54,51
DA:64,51
DA:69,51
DA:74,51
DA:82,51
DA:86,51
DA:95,51
DA:99,51
DA:114,51
DA:119,51
DA:126,51
DA:145,51
DA:152,51
DA:161,51
DA:169,51
DA:188,6
DA:200,6
DA:201,0
DA:204,6
DA:205,0
DA:208,6
DA:210,6
DA:212,6
DA:223,6
DA:225,6
DA:228,6
DA:231,6
DA:233,6
DA:235,6
DA:237,6
DA:273,6
DA:277,6
DA:279,0
DA:284,6
DA:285,6
DA:291,0
DA:296,6
DA:300,6
DA:301,0
DA:305,6
DA:310,1
LF:66
LH:61
BRDA:8,1,0,4
BRDA:8,1,1,4
BRDA:8,2,0,4
BRDA:8,2,1,0
BRDA:8,3,0,2
BRDA:8,3,1,0
BRDA:8,4,0,0
BRDA:8,4,1,2
BRDA:70,5,0,9
BRDA:70,5,1,1
BRDA:70,6,0,10
BRDA:70,6,1,10
BRDA:72,7,0,51
BRDA:72,7,1,0
BRDA:74,8,0,0
BRDA:74,8,1,6
BRDA:76,9,0,0
BRDA:76,9,1,6
BRDA:76,10,0,0
BRDA:76,10,1,6
BRDA:76,11,0,6
BRDA:76,11,1,0
BRDA:76,11,2,0
BRDA:78,12,0,0
BRDA:78,12,1,1
BRDA:78,13,0,1
BRDA:78,13,1,0
BRDA:78,14,0,1
BRDA:78,14,1,1
BRDA:78,15,0,1
BRDA:78,15,1,0
BRDA:78,16,0,1
BRDA:78,16,1,0
BRDA:104,17,0,50
BRDA:104,17,1,1
BRDA:104,18,0,51
BRDA:104,18,1,50
BRDA:106,19,0,1
BRDA:106,19,1,50
BRDA:106,20,0,51
BRDA:106,20,1,51
BRDA:106,20,2,1
BRDA:130,21,0,0
BRDA:130,21,1,51
BRDA:141,22,0,0
BRDA:141,22,1,51
BRDA:248,23,0,0
BRDA:248,23,1,6
BRDA:248,24,0,6
BRDA:248,24,1,6
BRDA:252,25,0,0
BRDA:252,25,1,6
BRDA:302,26,0,0
BRDA:302,26,1,6
BRDA:302,27,0,6
BRDA:302,27,1,6
BRDA:304,28,0,6
BRDA:304,28,1,0
BRDA:319,29,0,0
BRDA:319,29,1,6
BRF:60
BRH:53
end_of_record
TN:
SF:/Users/ben_cripps/Documents/Dev/jss/reactgrid/src/components/layout/Header.jsx
FN:9,(anonymous_1)
FN:9,defineProperties
FN:9,(anonymous_3)
FN:31,_interopRequireDefault
FN:33,_classCallCheck
FN:35,_possibleConstructorReturn
FN:37,_inherits
FN:41,(anonymous_8)
FN:46,render
FN:62,(anonymous_10)
FN:65,(anonymous_11)
FN:116,Header
FN:141,addEmptyInsert
FN:161,handleDrag
FN:165,handleColumnClick
FNF:15
FNH:13
FNDA:1,(anonymous_1)
FNDA:1,defineProperties
FNDA:1,(anonymous_3)
FNDA:2,_interopRequireDefault
FNDA:10,_classCallCheck
FNDA:10,_possibleConstructorReturn
FNDA:1,_inherits
FNDA:1,(anonymous_8)
FNDA:55,render
FNDA:110,(anonymous_10)
FNDA:110,(anonymous_11)
FNDA:10,Header
FNDA:55,addEmptyInsert
FNDA:0,handleDrag
FNDA:0,handleColumnClick
DA:0,10
DA:1,1
DA:3,1
DA:4,1
DA:6,1
DA:7,1
DA:8,1
DA:9,1
DA:10,1
DA:12,1
DA:16,55
DA:31,110
DA:32,55
DA:34,110
DA:48,110
DA:53,55
DA:57,55
DA:61,55
DA:62,55
DA:65,55
DA:73,55
DA:75,55
DA:84,10
DA:86,10
DA:104,51
DA:106,55
DA:107,4
DA:112,51
DA:114,0
DA:118,0
DA:122,0
DA:128,1
DA:129,0
DA:132,1
DA:133,0
DA:134,0
LF:36
LH:30
BRDA:9,1,0,1
BRDA:9,1,1,1
BRDA:9,2,0,1
BRDA:9,2,1,0
BRDA:9,3,0,1
BRDA:9,3,1,0
BRDA:9,4,0,0
BRDA:9,4,1,1
BRDA:31,5,0,1
BRDA:31,5,1,1
BRDA:31,6,0,2
BRDA:31,6,1,2
BRDA:33,7,0,0
BRDA:33,7,1,10
BRDA:35,8,0,0
BRDA:35,8,1,10
BRDA:35,9,0,0
BRDA:35,9,1,10
BRDA:35,10,0,10
BRDA:35,10,1,0
BRDA:35,10,2,0
BRDA:37,11,0,0
BRDA:37,11,1,1
BRDA:37,12,0,1
BRDA:37,12,1,0
BRDA:37,13,0,1
BRDA:37,13,1,1
BRDA:37,14,0,1
BRDA:37,14,1,0
BRDA:37,15,0,1
BRDA:37,15,1,0
BRDA:84,16,0,0
BRDA:84,16,1,55
BRDA:90,17,0,55
BRDA:90,17,1,0
BRDA:143,18,0,4
BRDA:143,18,1,51
BRDA:150,19,0,0
BRDA:150,19,1,51
BRDA:152,20,0,0
BRDA:152,20,1,0
BRDA:152,21,0,0
BRDA:152,21,1,0
BRDA:152,21,2,0
BRDA:166,22,0,0
BRDA:166,22,1,0
BRF:46
BRH:36
end_of_record
TN:
SF:/Users/ben_cripps/Documents/Dev/jss/reactgrid/src/components/layout/header/Column.jsx
FN:29,_interopRequireDefault
FN:33,Column
FN:54,(anonymous_3)
FN:105,onDragOver
FN:115,(anonymous_5)
FN:151,handleDrop
FN:170,handleSort
FN:204,handleColumnClick
FN:223,isSortable
FN:234,getWidth
FN:236,(anonymous_11)
FN:241,(anonymous_12)
FN:257,isColumnResizable
FNF:13
FNH:8
FNDA:1,_interopRequireDefault
FNDA:204,Column
FNDA:408,(anonymous_3)
FNDA:0,onDragOver
FNDA:0,(anonymous_5)
FNDA:0,handleDrop
FNDA:0,handleSort
FNDA:0,handleColumnClick
FNDA:204,isSortable
FNDA:204,getWidth
FNDA:408,(anonymous_11)
FNDA:408,(anonymous_12)
FNDA:204,isColumnResizable
DA:0,1
DA:1,1
DA:3,1
DA:4,1
DA:5,1
DA:7,1
DA:8,1
DA:10,1
DA:16,1
DA:17,1
DA:19,1
DA:22,1
DA:25,204
DA:27,204
DA:28,0
DA:31,204
DA:33,204
DA:35,408
DA:37,204
DA:41,204
DA:44,204
DA:46,204
DA:49,204
DA:60,204
DA:73,204
DA:76,204
DA:80,204
DA:81,0
DA:84,204
DA:85,0
DA:88,204
DA:99,204
DA:104,0
DA:118,204
DA:119,204
DA:123,0
DA:124,0
DA:128,204
DA:137,204
DA:145,1
DA:158,1
DA:162,0
DA:163,0
DA:164,0
DA:169,0
DA:170,0
DA:183,0
DA:188,1
DA:192,0
DA:196,0
DA:205,0
DA:207,0
DA:217,0
DA:219,0
DA:230,0
DA:234,1
DA:243,0
DA:244,0
DA:245,0
DA:257,0
DA:258,0
DA:262,1
DA:264,204
DA:265,0
DA:268,204
DA:269,204
DA:272,0
DA:276,1
DA:278,408
DA:279,204
DA:280,204
DA:281,204
DA:282,408
DA:283,0
DA:285,408
DA:288,204
DA:290,204
DA:293,0
DA:296,204
DA:300,1
DA:302,204
DA:303,0
DA:306,204
DA:307,204
DA:310,0
LF:85
LH:55
BRDA:29,1,0,0
BRDA:29,1,1,1
BRDA:29,2,0,1
BRDA:29,2,1,1
BRDA:31,3,0,1
BRDA:31,3,1,0
BRDA:46,4,0,0
BRDA:46,4,1,204
BRDA:58,5,0,204
BRDA:58,5,1,204
BRDA:58,5,2,204
BRDA:60,6,0,0
BRDA:60,6,1,204
BRDA:64,7,0,102
BRDA:64,7,1,102
BRDA:64,8,0,204
BRDA:64,8,1,204
BRDA:68,9,0,204
BRDA:68,9,1,0
BRDA:78,10,0,0
BRDA:78,10,1,204
BRDA:80,11,0,0
BRDA:80,11,1,204
BRDA:80,12,0,0
BRDA:80,12,1,0
BRDA:80,13,0,0
BRDA:80,13,1,204
BRDA:82,14,0,0
BRDA:82,14,1,204
BRDA:86,15,0,0
BRDA:86,15,1,204
BRDA:114,16,0,204
BRDA:114,16,1,0
BRDA:155,17,0,0
BRDA:155,17,1,0
BRDA:155,18,0,0
BRDA:155,18,1,0
BRDA:157,19,0,0
BRDA:157,19,1,0
BRDA:172,20,0,0
BRDA:172,20,1,0
BRDA:181,21,0,0
BRDA:181,21,1,0
BRDA:190,22,0,0
BRDA:190,22,1,0
BRDA:214,23,0,0
BRDA:214,23,1,0
BRDA:218,24,0,0
BRDA:218,24,1,0
BRDA:225,25,0,0
BRDA:225,25,1,204
BRDA:227,26,0,204
BRDA:227,26,1,0
BRDA:240,27,0,204
BRDA:240,27,1,204
BRDA:242,28,0,0
BRDA:242,28,1,408
BRDA:245,29,0,408
BRDA:245,29,1,408
BRDA:248,30,0,204
BRDA:248,30,1,204
BRDA:250,31,0,0
BRDA:250,31,1,204
BRDA:250,32,0,204
BRDA:250,32,1,102
BRDA:250,32,2,102
BRDA:259,33,0,0
BRDA:259,33,1,204
BRDA:261,34,0,204
BRDA:261,34,1,0
BRF:70
BRH:36
end_of_record
TN:
SF:/Users/ben_cripps/Documents/Dev/jss/reactgrid/src/components/layout/header/column/DragHandle.jsx
FN:12,_interopRequireDefault
FN:14,DragHandle
FNF:2
FNH:1
FNDA:1,_interopRequireDefault
FNDA:0,DragHandle
DA:0,1
DA:1,1
DA:3,1
DA:5,0
DA:10,0
DA:15,1
LF:6
LH:4
BRDA:12,1,0,0
BRDA:12,1,1,1
BRDA:12,2,0,1
BRDA:12,2,1,1
BRF:4
BRH:4
end_of_record
TN:
SF:/Users/ben_cripps/Documents/Dev/jss/reactgrid/src/components/layout/header/column/SortHandle.jsx
FN:16,_interopRequireDefault
FN:18,SortHandle
FNF:2
FNH:2
FNDA:1,_interopRequireDefault
FNDA:204,SortHandle
DA:0,1
DA:1,1
DA:3,1
DA:4,1
DA:6,204
DA:8,204
DA:14,204
DA:19,1
LF:8
LH:8
BRDA:16,1,0,0
BRDA:16,1,1,1
BRDA:16,2,0,1
BRDA:16,2,1,1
BRF:4
BRH:4
end_of_record
TN:
SF:/Users/ben_cripps/Documents/Dev/jss/reactgrid/src/util/prefix.js
FN:10,prefix
FN:15,(anonymous_2)
FN:22,(anonymous_3)
FNF:3
FNH:3
FNDA:1461,prefix
FNDA:2625,(anonymous_2)
FNDA:2625,(anonymous_3)
DA:0,1
DA:1,1
DA:3,2625
DA:4,1461
DA:6,2625
DA:7,700
DA:10,1925
DA:11,2625
LF:8
LH:8
BRDA:17,1,0,700
BRDA:17,1,1,1925
BRDA:17,2,0,2625
BRDA:17,2,1,1925
BRF:4
BRH:4
end_of_record
TN:
SF:/Users/ben_cripps/Documents/Dev/jss/reactgrid/src/components/layout/header/column/Text.jsx
FN:18,_interopRequireDefault
FN:20,Text
FN:34,onDrag
FN:35,onDragStart
FNF:4
FNH:2
FNDA:1,_interopRequireDefault
FNDA:204,Text
FNDA:0,onDrag
FNDA:0,onDragStart
DA:0,1
DA:1,1
DA:3,1
DA:4,1
DA:5,1
DA:7,204
DA:9,204
DA:10,204
DA:12,204
DA:17,0
DA:21,0
DA:25,204
DA:33,1
LF:13
LH:11
BRDA:18,1,0,0
BRDA:18,1,1,1
BRDA:18,2,0,1
BRDA:18,2,1,1
BRDA:29,3,0,0
BRDA:29,3,1,204
BRDA:33,4,0,0
BRDA:33,4,1,204
BRF:8
BRH:6
end_of_record
TN:
SF:/Users/ben_cripps/Documents/Dev/jss/reactgrid/src/components/layout/header/EmptyHeader.jsx
FN:8,(anonymous_1)
FN:14,_interopRequireDefault
FN:16,EmptyHeader
FNF:3
FNH:2
FNDA:0,(anonymous_1)
FNDA:1,_interopRequireDefault
FNDA:0,EmptyHeader
DA:0,1
DA:1,1
DA:3,1
DA:5,0
DA:13,0
DA:18,1
LF:6
LH:4
BRDA:8,1,0,1
BRDA:8,1,1,0
BRDA:8,2,0,0
BRDA:8,2,1,0
BRDA:14,3,0,0
BRDA:14,3,1,1
BRDA:14,4,0,1
BRDA:14,4,1,1
BRF:8
BRH:8
end_of_record
TN:
SF:/Users/ben_cripps/Documents/Dev/jss/reactgrid/src/components/core/draganddrop/DragAndDropManager.js
FN:7,(anonymous_1)
FN:7,defineProperties
FN:7,(anonymous_3)
FN:13,_classCallCheck
FN:15,(anonymous_5)
FN:16,DragAndDropManager
FN:22,initDragable
FN:41,handleDragStart
FN:57,handleDrag
FN:60,handleDragOver
FN:63,handleDragLeave
FN:68,handleDragEnd
FN:73,handleDrop
FNF:13
FNH:13
FNDA:1,(anonymous_1)
FNDA:1,defineProperties
FNDA:1,(anonymous_3)
FNDA:2,_classCallCheck
FNDA:1,(anonymous_5)
FNDA:2,DragAndDropManager
FNDA:204,initDragable
FNDA:0,handleDragStart
FNDA:0,handleDrag
FNDA:0,handleDragOver
FNDA:0,handleDragLeave
FNDA:0,handleDragEnd
FNDA:0,handleDrop
DA:0,7
DA:1,1
DA:2,1
DA:7,204
DA:18,204
DA:21,204
DA:25,0
DA:33,0
DA:34,0
DA:36,0
DA:37,0
DA:48,0
DA:52,0
DA:56,0
DA:58,0
DA:60,0
DA:61,0
LF:17
LH:6
BRDA:7,1,0,7
BRDA:7,1,1,7
BRDA:7,2,0,7
BRDA:7,2,1,0
BRDA:7,3,0,1
BRDA:7,3,1,0
BRDA:7,4,0,0
BRDA:7,4,1,1
BRDA:13,5,0,0
BRDA:13,5,1,2
BRDA:35,6,0,204
BRDA:35,6,1,0
BRDA:51,7,0,0
BRDA:51,7,1,0
BRDA:78,8,0,0
BRDA:78,8,1,0
BRDA:78,9,0,0
BRDA:78,9,1,0
BRF:18
BRH:11
end_of_record
TN:
SF:/Users/ben_cripps/Documents/Dev/jss/reactgrid/src/util/stateGetter.js
FN:19,stateGetter
FN:37,(anonymous_2)
FNF:2
FNH:2
FNDA:535,stateGetter
FNDA:2774,(anonymous_2)
DA:0,1
DA:13,1
DA:15,535
DA:20,3
DA:22,3
DA:29,3
DA:35,532
DA:42,532
DA:43,250
DA:46,282
DA:47,282
DA:48,2774
DA:50,282
DA:52,282
DA:53,280
DA:60,280
DA:65,2
LF:17
LH:17
BRDA:21,1,0,3
BRDA:21,1,1,532
BRDA:21,2,0,535
BRDA:21,2,1,535
BRDA:21,2,2,171
BRDA:21,2,3,4
BRDA:25,3,0,2
BRDA:25,3,1,1
BRDA:25,4,0,3
BRDA:25,4,1,3
BRDA:25,4,2,2
BRDA:25,4,3,2
BRDA:27,5,0,1
BRDA:27,5,1,2
BRDA:27,6,0,3
BRDA:27,6,1,2
BRDA:30,7,0,250
BRDA:30,7,1,282
BRDA:30,8,0,532
BRDA:30,8,1,532
BRDA:30,8,2,527
BRDA:30,8,3,527
BRDA:32,9,0,250
BRDA:32,9,1,282
BRDA:33,10,0,249
BRDA:33,10,1,1
BRDA:43,11,0,280
BRDA:43,11,1,2
BRDA:44,12,0,3
BRDA:44,12,1,277
BRDA:44,13,0,280
BRDA:44,13,1,280
BRDA:44,13,2,280
BRDA:44,13,3,280
BRDA:46,14,0,0
BRDA:46,14,1,280
BRDA:46,15,0,280
BRDA:46,15,1,3
BRF:38
BRH:37
end_of_record
TN:
SF:/Users/ben_cripps/Documents/Dev/jss/reactgrid/src/components/layout/FixedHeader.jsx
FN:9,(anonymous_1)
FN:9,defineProperties
FN:9,(anonymous_3)
FN:37,_interopRequireDefault
FN:39,_classCallCheck
FN:41,_possibleConstructorReturn
FN:43,_inherits
FN:47,(anonymous_8)
FN:52,render
FN:75,(anonymous_10)
FN:78,(anonymous_11)
FN:104,(anonymous_12)
FN:173,componentDidMount
FN:190,componentDidUpdate
FN:200,componentWillUnmount
FN:211,FixedHeader
FN:227,setWidthResetListener
FN:232,(anonymous_18)
FN:247,createScrollListener
FN:256,defaultListener
FN:314,getScrollWidth
FN:352,addEmptyInsert
FN:378,handleDrag
FN:421,handleColumnClick
FNF:24
FNH:19
FNDA:1,(anonymous_1)
FNDA:2,defineProperties
FNDA:2,(anonymous_3)
FNDA:3,_interopRequireDefault
FNDA:6,_classCallCheck
FNDA:6,_possibleConstructorReturn
FNDA:1,_inherits
FNDA:1,(anonymous_8)
FNDA:51,render
FNDA:102,(anonymous_10)
FNDA:102,(anonymous_11)
FNDA:0,(anonymous_12)
FNDA:6,componentDidMount
FNDA:45,componentDidUpdate
FNDA:0,componentWillUnmount
FNDA:6,FixedHeader
FNDA:0,setWidthResetListener
FNDA:0,(anonymous_18)
FNDA:0,createScrollListener
FNDA:0,defaultListener
FNDA:12,getScrollWidth
FNDA:51,addEmptyInsert
FNDA:0,handleDrag
FNDA:0,handleColumnClick
DA:0,7
DA:1,1
DA:2,1
DA:4,1
DA:5,1
DA:7,1
DA:8,1
DA:9,1
DA:10,1
DA:11,1
DA:12,1
DA:14,1
DA:18,51
DA:42,102
DA:43,51
DA:45,102
DA:60,102
DA:65,51
DA:75,51
DA:76,0
DA:77,0
DA:82,51
DA:90,51
DA:96,51
DA:99,51
DA:100,0
DA:101,0
DA:102,0
DA:106,51
DA:109,51
DA:116,51
DA:120,51
DA:121,51
DA:126,51
DA:136,51
DA:138,51
DA:153,6
DA:157,6
DA:159,6
DA:160,6
DA:162,6
DA:164,6
DA:165,0
DA:173,45
DA:174,6
DA:177,45
DA:181,0
DA:182,0
DA:187,0
DA:188,0
DA:192,6
DA:194,6
DA:199,6
DA:216,0
DA:218,0
DA:220,0
DA:224,0
DA:225,0
DA:236,0
DA:237,0
DA:241,0
DA:243,0
DA:245,0
DA:248,0
DA:249,0
DA:251,0
DA:252,0
DA:255,0
DA:256,0
DA:264,0
DA:265,0
DA:272,0
DA:273,0
DA:280,0
DA:281,0
DA:289,0
DA:294,0
DA:296,0
DA:299,12
DA:300,12
DA:303,12
DA:304,12
DA:307,12
DA:308,0
DA:311,12
DA:313,12
DA:314,0
DA:322,1
DA:324,51
DA:325,51
DA:326,0
DA:331,51
DA:333,0
DA:337,0
DA:341,0
DA:345,51
DA:346,51
DA:356,1
DA:367,0
DA:368,0
DA:369,0
DA:370,0
DA:371,0
DA:373,0
DA:374,0
DA:375,0
DA:378,0
DA:379,0
DA:381,0
DA:383,0
DA:384,0
DA:387,0
DA:388,0
DA:389,0
DA:392,0
DA:393,0
DA:394,0
DA:397,0
DA:398,0
DA:401,0
DA:414,1
DA:415,0
DA:416,0
LF:123
LH:58
BRDA:9,1,0,7
BRDA:9,1,1,7
BRDA:9,2,0,7
BRDA:9,2,1,0
BRDA:9,3,0,2
BRDA:9,3,1,0
BRDA:9,4,0,0
BRDA:9,4,1,2
BRDA:37,5,0,1
BRDA:37,5,1,2
BRDA:37,6,0,3
BRDA:37,6,1,3
BRDA:39,7,0,0
BRDA:39,7,1,6
BRDA:41,8,0,0
BRDA:41,8,1,6
BRDA:41,9,0,0
BRDA:41,9,1,6
BRDA:41,10,0,6
BRDA:41,10,1,0
BRDA:41,10,2,0
BRDA:43,11,0,0
BRDA:43,11,1,1
BRDA:43,12,0,1
BRDA:43,12,1,0
BRDA:43,13,0,1
BRDA:43,13,1,1
BRDA:43,14,0,1
BRDA:43,14,1,0
BRDA:43,15,0,1
BRDA:43,15,1,0
BRDA:99,16,0,0
BRDA:99,16,1,51
BRDA:99,17,0,0
BRDA:99,17,1,51
BRDA:103,18,0,0
BRDA:103,18,1,51
BRDA:108,19,0,0
BRDA:108,19,1,51
BRDA:108,20,0,0
BRDA:108,20,1,51
BRDA:113,21,0,51
BRDA:113,21,1,51
BRDA:117,22,0,0
BRDA:117,22,1,51
BRDA:117,23,0,51
BRDA:117,23,1,51
BRDA:119,24,0,0
BRDA:119,24,1,51
BRDA:119,25,0,51
BRDA:119,25,1,51
BRDA:128,26,0,0
BRDA:128,26,1,51
BRDA:135,27,0,51
BRDA:135,27,1,0
BRDA:184,28,0,0
BRDA:184,28,1,6
BRDA:184,29,0,6
BRDA:184,29,1,0
BRDA:192,30,0,6
BRDA:192,30,1,39
BRDA:201,31,0,0
BRDA:201,31,1,0
BRDA:205,32,0,0
BRDA:205,32,1,0
BRDA:238,33,0,0
BRDA:238,33,1,0
BRDA:238,34,0,0
BRDA:238,34,1,0
BRDA:250,35,0,0
BRDA:250,35,1,0
BRDA:252,36,0,0
BRDA:252,36,1,0
BRDA:268,37,0,0
BRDA:268,37,1,0
BRDA:268,38,0,0
BRDA:268,38,1,0
BRDA:272,39,0,0
BRDA:272,39,1,0
BRDA:272,40,0,0
BRDA:272,40,1,0
BRDA:281,41,0,0
BRDA:281,41,1,0
BRDA:281,42,0,0
BRDA:281,42,1,0
BRDA:287,43,0,0
BRDA:287,43,1,0
BRDA:287,44,0,0
BRDA:287,44,1,0
BRDA:295,45,0,0
BRDA:295,45,1,0
BRDA:295,46,0,0
BRDA:295,46,1,0
BRDA:304,47,0,0
BRDA:304,47,1,0
BRDA:322,48,0,0
BRDA:322,48,1,12
BRDA:322,49,0,12
BRDA:322,49,1,12
BRDA:328,50,0,0
BRDA:328,50,1,12
BRDA:328,51,0,12
BRDA:328,51,1,0
BRDA:353,52,0,0
BRDA:353,52,1,51
BRDA:360,53,0,0
BRDA:360,53,1,51
BRDA:362,54,0,0
BRDA:362,54,1,0
BRDA:362,55,0,0
BRDA:362,55,1,0
BRDA:362,55,2,0
BRDA:370,56,0,51
BRDA:370,56,1,0
BRDA:386,57,0,0
BRDA:386,57,1,0
BRDA:395,58,0,0
BRDA:395,58,1,0
BRDA:395,59,0,0
BRDA:395,59,1,0
BRDA:399,60,0,0
BRDA:399,60,1,0
BRDA:402,61,0,0
BRDA:402,61,1,0
BRDA:405,62,0,0
BRDA:405,62,1,0
BRDA:422,63,0,0
BRDA:422,63,1,0
BRF:128
BRH:58
end_of_record
TN:
SF:/Users/ben_cripps/Documents/Dev/jss/reactgrid/src/util/throttle.js
FN:8,throttle
FN:13,dothrottle
FN:17,(anonymous_3)
FN:24,debounce
FN:27,doDebounce
FN:31,later
FNF:6
FNH:4
FNDA:6,throttle
FNDA:0,dothrottle
FNDA:0,(anonymous_3)
FNDA:6,debounce
FNDA:45,doDebounce
FNDA:6,later
DA:0,1
DA:1,1
DA:2,6
DA:4,6
DA:6,6
DA:7,0
DA:8,0
DA:9,0
DA:10,0
DA:11,0
DA:17,1
DA:18,6
DA:20,6
DA:21,45
DA:22,45
DA:24,45
DA:25,6
DA:26,6
DA:27,0
DA:31,45
DA:33,45
DA:35,45
DA:37,45
DA:38,12
LF:24
LH:18
BRDA:11,1,0,6
BRDA:11,1,1,0
BRDA:14,2,0,0
BRDA:14,2,1,0
BRDA:33,3,0,0
BRDA:33,3,1,6
BRDA:38,4,0,45
BRDA:38,4,1,45
BRDA:44,5,0,12
BRDA:44,5,1,33
BRF:10
BRH:6
end_of_record
TN:
SF:/Users/ben_cripps/Documents/Dev/jss/reactgrid/src/util/isPluginEnabled.js
FN:6,isPluginEnabled
FNF:1
FNH:1
FNDA:259,isPluginEnabled
DA:0,1
DA:1,259
DA:2,259
DA:6,259
LF:4
LH:4
BRDA:7,1,0,1
BRDA:7,1,1,258
BRDA:7,2,0,259
BRDA:7,2,1,259
BRDA:10,3,0,259
BRDA:10,3,1,256
BRDA:10,3,2,32
BRF:7
BRH:7
end_of_record
TN:
SF:/Users/ben_cripps/Documents/Dev/jss/reactgrid/src/components/layout/TableRow.jsx
FN:8,(anonymous_1)
FN:8,defineProperties
FN:8,(anonymous_3)
FN:24,_interopRequireDefault
FN:26,_classCallCheck
FN:28,_possibleConstructorReturn
FN:30,_inherits
FN:32,(anonymous_8)
FN:37,render
FN:73,TableRow
FN:104,getRowComponents
FN:124,getRowSelection
FN:136,getRows
FN:138,(anonymous_14)
FNF:14
FNH:14
FNDA:1,(anonymous_1)
FNDA:1,defineProperties
FNDA:1,(anonymous_3)
FNDA:2,_interopRequireDefault
FNDA:6,_classCallCheck
FNDA:6,_possibleConstructorReturn
FNDA:1,_inherits
FNDA:1,(anonymous_8)
FNDA:51,render
FNDA:6,TableRow
FNDA:100,getRowComponents
FNDA:51,getRowSelection
FNDA:51,getRows
FNDA:100,(anonymous_14)
DA:0,6
DA:1,1
DA:3,1
DA:4,1
DA:5,1
DA:6,1
DA:10,51
DA:30,51
DA:32,51
DA:36,51
DA:41,51
DA:45,51
DA:52,6
DA:82,1
DA:99,100
DA:121,1
DA:124,51
DA:125,1
DA:128,50
DA:130,31
DA:133,19
DA:136,1
DA:152,51
DA:153,100
LF:24
LH:24
BRDA:8,1,0,1
BRDA:8,1,1,1
BRDA:8,2,0,1
BRDA:8,2,1,0
BRDA:8,3,0,1
BRDA:8,3,1,0
BRDA:8,4,0,0
BRDA:8,4,1,1
BRDA:24,5,0,1
BRDA:24,5,1,1
BRDA:24,6,0,2
BRDA:24,6,1,2
BRDA:26,7,0,0
BRDA:26,7,1,6
BRDA:28,8,0,0
BRDA:28,8,1,6
BRDA:28,9,0,0
BRDA:28,9,1,6
BRDA:28,10,0,6
BRDA:28,10,1,0
BRDA:28,10,2,0
BRDA:30,11,0,0
BRDA:30,11,1,1
BRDA:30,12,0,1
BRDA:30,12,1,0
BRDA:30,13,0,1
BRDA:30,13,1,1
BRDA:30,14,0,1
BRDA:30,14,1,0
BRDA:30,15,0,1
BRDA:30,15,1,0
BRDA:57,16,0,0
BRDA:57,16,1,51
BRDA:57,17,0,51
BRDA:57,17,1,0
BRDA:63,18,0,50
BRDA:63,18,1,1
BRDA:125,19,0,1
BRDA:125,19,1,50
BRDA:129,20,0,31
BRDA:129,20,1,19
BRDA:129,21,0,50
BRDA:129,21,1,19
BRDA:138,22,0,50
BRDA:138,22,1,1
BRF:45
BRH:43
end_of_record
TN:
SF:/Users/ben_cripps/Documents/Dev/jss/reactgrid/src/components/layout/table-row/Row.jsx
FN:8,(anonymous_1)
FN:8,defineProperties
FN:8,(anonymous_3)
FN:28,_interopRequireDefault
FN:30,_classCallCheck
FN:32,_possibleConstructorReturn
FN:34,_inherits
FN:36,(anonymous_8)
FN:41,render
FN:60,(anonymous_10)
FN:69,(anonymous_11)
FN:100,onClick
FN:103,onDoubleClick
FN:132,Row
FN:168,getCellValues
FN:171,(anonymous_16)
FN:175,(anonymous_17)
FN:182,addEmptyInsert
FN:196,getCellData
FN:221,addEmptyCells
FN:223,(anonymous_21)
FN:238,handleRowDoubleClickEvent
FN:253,getSelectedText
FN:263,handleRowSingleClickEvent
FNF:24
FNH:20
FNDA:1,(anonymous_1)
FNDA:1,defineProperties
FNDA:1,(anonymous_3)
FNDA:1,_interopRequireDefault
FNDA:12,_classCallCheck
FNDA:12,_possibleConstructorReturn
FNDA:1,_inherits
FNDA:1,(anonymous_8)
FNDA:48,render
FNDA:96,(anonymous_10)
FNDA:96,(anonymous_11)
FNDA:2,onClick
FNDA:0,onDoubleClick
FNDA:12,Row
FNDA:48,getCellValues
FNDA:96,(anonymous_16)
FNDA:96,(anonymous_17)
FNDA:48,addEmptyInsert
FNDA:96,getCellData
FNDA:0,addEmptyCells
FNDA:0,(anonymous_21)
FNDA:0,handleRowDoubleClickEvent
FNDA:2,getSelectedText
FNDA:2,handleRowSingleClickEvent
DA:0,12
DA:1,1
DA:3,1
DA:4,1
DA:6,1
DA:7,1
DA:8,1
DA:9,1
DA:10,1
DA:14,48
DA:33,48
DA:34,96
DA:35,48
DA:37,48
DA:38,0
DA:41,48
DA:43,96
DA:60,96
DA:64,48
DA:66,48
DA:72,48
DA:76,48
DA:80,2
DA:83,0
DA:87,48
DA:99,48
DA:101,48
DA:103,48
DA:111,12
DA:113,12
DA:144,1
DA:146,48
DA:147,96
DA:149,48
DA:150,96
DA:153,48
DA:156,1
DA:158,48
DA:160,0
DA:164,0
DA:168,0
DA:172,48
DA:175,1
DA:177,96
DA:180,96
DA:184,0
DA:196,96
DA:197,96
DA:203,1
DA:205,0
DA:212,0
DA:213,0
DA:218,0
DA:221,1
DA:224,0
DA:230,0
DA:237,0
DA:238,0
DA:244,1
DA:245,2
DA:246,2
DA:247,0
DA:249,2
DA:251,0
DA:253,2
DA:256,1
DA:260,2
DA:261,0
DA:264,2
DA:270,0
DA:277,2
DA:278,0
LF:72
LH:53
BRDA:8,1,0,1
BRDA:8,1,1,1
BRDA:8,2,0,1
BRDA:8,2,1,0
BRDA:8,3,0,1
BRDA:8,3,1,0
BRDA:8,4,0,0
BRDA:8,4,1,1
BRDA:28,5,0,0
BRDA:28,5,1,1
BRDA:28,6,0,1
BRDA:28,6,1,1
BRDA:30,7,0,0
BRDA:30,7,1,12
BRDA:32,8,0,0
BRDA:32,8,1,12
BRDA:32,9,0,0
BRDA:32,9,1,12
BRDA:32,10,0,12
BRDA:32,10,1,0
BRDA:32,10,2,0
BRDA:34,11,0,0
BRDA:34,11,1,1
BRDA:34,12,0,1
BRDA:34,12,1,0
BRDA:34,13,0,1
BRDA:34,13,1,1
BRDA:34,14,0,1
BRDA:34,14,1,0
BRDA:34,15,0,1
BRDA:34,15,1,0
BRDA:65,16,0,0
BRDA:65,16,1,48
BRDA:91,17,0,0
BRDA:91,17,1,48
BRDA:93,18,0,12
BRDA:93,18,1,36
BRDA:93,19,0,48
BRDA:93,19,1,18
BRDA:93,19,2,12
BRDA:95,20,0,0
BRDA:95,20,1,48
BRDA:184,21,0,0
BRDA:184,21,1,48
BRDA:186,22,0,0
BRDA:186,22,1,0
BRDA:186,23,0,0
BRDA:186,23,1,0
BRDA:186,23,2,0
BRDA:186,23,3,0
BRDA:201,24,0,0
BRDA:201,24,1,96
BRDA:201,25,0,96
BRDA:201,25,1,96
BRDA:201,25,2,96
BRDA:201,25,3,0
BRDA:214,26,0,96
BRDA:214,26,1,0
BRDA:230,27,0,0
BRDA:230,27,1,0
BRDA:230,28,0,0
BRDA:230,28,1,0
BRDA:239,29,0,0
BRDA:239,29,1,0
BRDA:239,30,0,0
BRDA:239,30,1,0
BRDA:239,30,2,0
BRDA:248,31,0,0
BRDA:248,31,1,0
BRDA:255,32,0,0
BRDA:255,32,1,2
BRDA:257,33,0,0
BRDA:257,33,1,2
BRDA:257,34,0,2
BRDA:257,34,1,0
BRDA:265,35,0,0
BRDA:265,35,1,2
BRDA:269,36,0,0
BRDA:269,36,1,2
BRDA:269,37,0,2
BRDA:269,37,1,2
BRDA:269,37,2,2
BRDA:278,38,0,0
BRDA:278,38,1,2
BRF:84
BRH:54
end_of_record
TN:
SF:/Users/ben_cripps/Documents/Dev/jss/reactgrid/src/components/layout/table-row/row/Cell.jsx
FN:23,_interopRequireDefault
FN:25,Cell
FN:60,onClick
FN:63,onDoubleClick
FN:82,getCellHTML
FN:106,handleClick
FN:140,handleDoubleClick
FNF:7
FNH:5
FNDA:1,_interopRequireDefault
FNDA:96,Cell
FNDA:2,onClick
FNDA:0,onDoubleClick
FNDA:96,getCellHTML
FNDA:2,handleClick
FNDA:0,handleDoubleClick
DA:0,1
DA:1,1
DA:3,1
DA:4,1
DA:5,1
DA:6,1
DA:7,1
DA:9,1
DA:22,96
DA:24,96
DA:28,96
DA:34,96
DA:48,96
DA:51,2
DA:54,0
DA:59,96
DA:60,0
DA:63,96
DA:74,96
DA:81,1
DA:85,96
DA:96,96
DA:97,24
DA:102,72
DA:110,1
DA:122,2
DA:124,2
DA:128,0
DA:131,2
DA:136,2
DA:137,2
DA:149,0
DA:151,0
DA:164,2
DA:165,0
DA:169,1
DA:181,0
DA:183,0
DA:187,0
DA:190,0
DA:192,0
DA:202,0
DA:203,0
DA:207,1
LF:44
LH:31
BRDA:23,1,0,0
BRDA:23,1,1,1
BRDA:23,2,0,1
BRDA:23,2,1,1
BRDA:40,3,0,96
BRDA:40,3,1,36
BRDA:40,3,2,24
BRDA:42,4,0,0
BRDA:42,4,1,96
BRDA:42,5,0,96
BRDA:42,5,1,96
BRDA:42,5,2,96
BRDA:69,6,0,0
BRDA:69,6,1,96
BRDA:95,7,0,24
BRDA:95,7,1,72
BRDA:120,8,0,0
BRDA:120,8,1,2
BRDA:120,9,0,2
BRDA:120,9,1,2
BRDA:124,10,0,2
BRDA:124,10,1,0
BRDA:128,11,0,2
BRDA:128,11,1,0
BRDA:128,12,0,2
BRDA:128,12,1,1
BRDA:130,13,0,0
BRDA:130,13,1,0
BRDA:130,14,0,0
BRDA:130,14,1,0
BRDA:130,14,2,0
BRDA:135,15,0,0
BRDA:135,15,1,2
BRDA:154,16,0,0
BRDA:154,16,1,0
BRDA:154,17,0,0
BRDA:154,17,1,0
BRDA:158,18,0,0
BRDA:158,18,1,0
BRDA:162,19,0,0
BRDA:162,19,1,0
BRF:41
BRH:22
end_of_record
TN:
SF:/Users/ben_cripps/Documents/Dev/jss/reactgrid/src/components/layout/table-row/row/cell/Editor.jsx
FN:20,_interopRequireDefault
FN:24,Editor
FNF:2
FNH:2
FNDA:1,_interopRequireDefault
FNDA:24,Editor
DA:0,1
DA:1,1
DA:2,1
DA:3,1
DA:4,1
DA:5,1
DA:7,1
DA:9,1
DA:11,24
DA:13,24
DA:18,24
DA:19,0
DA:26,24
DA:32,24
DA:38,0
DA:51,0
DA:56,24
DA:59,24
DA:77,0
DA:84,1
DA:95,1
LF:21
LH:17
BRDA:20,1,0,0
BRDA:20,1,1,1
BRDA:20,2,0,1
BRDA:20,2,1,1
BRDA:35,3,0,24
BRDA:35,3,1,0
BRDA:35,4,0,24
BRDA:35,4,1,24
BRDA:37,5,0,0
BRDA:37,5,1,24
BRDA:38,6,0,0
BRDA:38,6,1,0
BRDA:38,7,0,0
BRDA:38,7,1,0
BRDA:38,7,2,0
BRDA:41,8,0,24
BRDA:41,8,1,0
BRDA:41,9,0,24
BRDA:41,9,1,24
BRDA:41,9,2,24
BRDA:43,10,0,0
BRDA:43,10,1,24
BRDA:43,11,0,24
BRDA:43,11,1,24
BRDA:43,11,2,24
BRDA:43,11,3,0
BRDA:43,11,4,0
BRDA:43,11,5,0
BRDA:63,12,0,24
BRDA:63,12,1,0
BRDA:63,13,0,24
BRDA:63,13,1,24
BRDA:63,13,2,24
BRDA:63,13,3,0
BRF:34
BRH:20
end_of_record
TN:
SF:/Users/ben_cripps/Documents/Dev/jss/reactgrid/src/components/layout/table-row/row/cell/Input.jsx
FN:16,_interopRequireDefault
FN:18,Input
FN:38,onChange
FN:49,handleChange
FNF:4
FNH:2
FNDA:1,_interopRequireDefault
FNDA:24,Input
FNDA:0,onChange
FNDA:0,handleChange
DA:0,1
DA:1,1
DA:3,1
DA:7,1
DA:11,1
DA:19,24
DA:21,24
DA:23,24
DA:28,24
DA:35,24
DA:40,24
DA:43,0
DA:50,24
DA:55,1
DA:58,0
DA:69,1
LF:16
LH:14
BRDA:16,1,0,0
BRDA:16,1,1,1
BRDA:16,2,0,1
BRDA:16,2,1,1
BRDA:30,3,0,0
BRDA:30,3,1,24
BRDA:30,4,0,24
BRDA:30,4,1,24
BRDA:32,5,0,24
BRDA:32,5,1,0
BRDA:32,6,0,24
BRDA:32,6,1,24
BRDA:32,6,2,24
BRDA:32,6,3,24
BRDA:34,7,0,24
BRDA:34,7,1,24
BRDA:34,7,2,24
BRDA:34,7,3,24
BRF:18
BRH:16
end_of_record
TN:
SF:/Users/ben_cripps/Documents/Dev/jss/reactgrid/src/util/getData.js
FN:10,getData
FN:35,setDataAtDataIndex
FN:61,getValueFromDataIndexArr
FN:75,nameFromDataIndex
FNF:4
FNH:4
FNDA:116,getData
FNDA:3,setDataAtDataIndex
FNDA:4,getValueFromDataIndexArr
FNDA:51,nameFromDataIndex
DA:0,1
DA:1,1
DA:3,1
DA:5,116
DA:7,116
DA:9,116
DA:10,0
DA:13,116
DA:15,116
DA:16,0
DA:19,116
DA:20,114
DA:26,2
DA:27,2
DA:32,3
DA:34,3
DA:35,2
DA:36,2
DA:39,1
DA:41,1
DA:42,1
DA:44,1
DA:45,0
DA:49,1
DA:51,1
DA:54,1
DA:55,4
DA:57,4
DA:58,11
DA:60,11
DA:61,2
DA:65,2
DA:68,1
DA:70,51
DA:71,0
DA:74,51
DA:75,49
DA:78,2
DA:79,1
DA:82,1
DA:83,1
LF:41
LH:37
BRDA:11,1,0,0
BRDA:11,1,1,116
BRDA:11,2,0,116
BRDA:11,2,1,116
BRDA:12,3,0,0
BRDA:12,3,1,116
BRDA:12,4,0,116
BRDA:12,4,1,116
BRDA:13,5,0,0
BRDA:13,5,1,116
BRDA:13,6,0,116
BRDA:13,6,1,116
BRDA:18,7,0,0
BRDA:18,7,1,116
BRDA:22,8,0,116
BRDA:22,8,1,0
BRDA:24,9,0,0
BRDA:24,9,1,116
BRDA:28,10,0,114
BRDA:28,10,1,2
BRDA:29,11,0,113
BRDA:29,11,1,1
BRDA:29,12,0,114
BRDA:29,12,1,114
BRDA:30,13,0,2
BRDA:30,13,1,0
BRDA:36,14,0,0
BRDA:36,14,1,3
BRDA:36,15,0,3
BRDA:36,15,1,3
BRDA:41,16,0,2
BRDA:41,16,1,1
BRDA:51,17,0,0
BRDA:51,17,1,1
BRDA:67,18,0,2
BRDA:67,18,1,9
BRDA:77,19,0,0
BRDA:77,19,1,51
BRDA:81,20,0,49
BRDA:81,20,1,2
BRDA:85,21,0,1
BRDA:85,21,1,1
BRDA:89,22,0,1
BRDA:89,22,1,0
BRF:44
BRH:33
end_of_record
TN:
SF:/Users/ben_cripps/Documents/Dev/jss/reactgrid/src/util/camelize.js
FN:6,camelize
FN:7,(anonymous_2)
FNF:2
FNH:2
FNDA:1,camelize
FNDA:2,(anonymous_2)
DA:0,1
DA:1,1
DA:2,1
DA:3,2
LF:4
LH:4
BRDA:8,1,0,1
BRDA:8,1,1,1
BRF:2
BRH:2
end_of_record
TN:
SF:/Users/ben_cripps/Documents/Dev/jss/reactgrid/src/util/handleEditClick.js
FN:10,handleEditClick
FN:22,closestRow
FNF:2
FNH:2
FNDA:2,handleEditClick
FNDA:2,closestRow
DA:0,1
DA:1,1
DA:3,1
DA:4,2
DA:5,2
DA:6,2
DA:8,2
DA:9,2
DA:17,1
DA:18,2
DA:20,2
DA:21,4
DA:22,2
DA:24,2
LF:14
LH:14
BRDA:15,1,0,2
BRDA:15,1,1,0
BRDA:25,2,0,4
BRDA:25,2,1,4
BRDA:26,3,0,2
BRDA:26,3,1,2
BRDA:26,4,0,4
BRDA:26,4,1,4
BRDA:26,4,2,4
BRF:9
BRH:8
end_of_record
TN:
SF:/Users/ben_cripps/Documents/Dev/jss/reactgrid/src/util/elementContains.js
FN:7,elementContains
FNF:1
FNH:1
FNDA:2,elementContains
DA:0,1
DA:1,2
DA:3,2
DA:4,0
DA:7,2
DA:8,14
DA:9,14
DA:10,14
DA:11,0
DA:15,14
LF:10
LH:8
BRDA:12,1,0,0
BRDA:12,1,1,2
BRDA:12,2,0,2
BRDA:12,2,1,2
BRDA:12,2,2,2
BRDA:16,3,0,16
BRDA:16,3,1,14
BRDA:17,4,0,14
BRDA:17,4,1,0
BRDA:17,5,0,14
BRDA:17,5,1,14
BRDA:19,6,0,0
BRDA:19,6,1,14
BRF:13
BRH:10
end_of_record
TN:
SF:/Users/ben_cripps/Documents/Dev/jss/reactgrid/src/components/layout/table-row/row/EmptyCell.jsx
FN:8,(anonymous_1)
FN:18,_interopRequireDefault
FN:20,EmptyCell
FNF:3
FNH:2
FNDA:0,(anonymous_1)
FNDA:2,_interopRequireDefault
FNDA:0,EmptyCell
DA:0,2
DA:1,1
DA:2,1
DA:4,1
DA:6,0
DA:13,0
LF:6
LH:4
BRDA:8,1,0,1
BRDA:8,1,1,0
BRDA:8,2,0,0
BRDA:8,2,1,0
BRDA:18,3,0,1
BRDA:18,3,1,1
BRDA:18,4,0,2
BRDA:18,4,1,2
BRF:8
BRH:8
end_of_record
TN:
SF:/Users/ben_cripps/Documents/Dev/jss/reactgrid/src/util/shouldComponentUpdate.js
FN:20,_interopRequireDefault
FN:22,shouldGridUpdate
FN:41,shouldRowUpdate
FN:93,equalProps
FNF:4
FNH:4
FNDA:1,_interopRequireDefault
FNDA:47,shouldGridUpdate
FNDA:96,shouldRowUpdate
FNDA:1,equalProps
DA:0,1
DA:1,1
DA:2,1
DA:3,1
DA:4,1
DA:6,47
DA:7,47
DA:11,47
DA:13,47
DA:18,47
DA:19,47
DA:21,47
DA:24,96
DA:25,96
DA:36,96
DA:39,96
DA:42,96
DA:45,96
DA:50,96
DA:51,13
DA:54,96
DA:66,96
DA:67,13
DA:68,13
DA:71,83
DA:75,83
DA:77,83
DA:80,1
DA:81,1
LF:29
LH:29
BRDA:20,1,0,0
BRDA:20,1,1,1
BRDA:20,2,0,1
BRDA:20,2,1,1
BRDA:33,3,0,47
BRDA:33,3,1,1
BRDA:53,4,0,96
BRDA:53,4,1,13
BRDA:56,5,0,96
BRDA:56,5,1,8
BRDA:59,6,0,96
BRDA:59,6,1,56
BRDA:62,7,0,96
BRDA:62,7,1,44
BRDA:62,7,2,26
BRDA:65,8,0,13
BRDA:65,8,1,83
BRDA:81,9,0,13
BRDA:81,9,1,83
BRDA:94,10,0,0
BRDA:94,10,1,1
BRDA:94,11,0,1
BRDA:94,11,1,1
BRDA:95,12,0,0
BRDA:95,12,1,1
BRDA:95,13,0,1
BRDA:95,13,1,1
BRDA:97,14,0,1
BRDA:97,14,1,1
BRDA:97,14,2,0
BRF:30
BRH:27
end_of_record
TN:
SF:/Users/ben_cripps/Documents/Dev/jss/reactgrid/src/util/lastUpdate.js
FN:21,generateLastUpdate
FN:25,resetLastUpdate
FN:29,getLastUpdate
FN:41,(anonymous_4)
FNF:4
FNH:4
FNDA:78,generateLastUpdate
FNDA:47,resetLastUpdate
FNDA:48,getLastUpdate
FNDA:480,(anonymous_4)
DA:0,1
DA:1,1
DA:3,1
DA:16,78
DA:18,47
DA:20,48
DA:21,48
DA:23,48
DA:25,48
DA:26,45
DA:27,45
DA:30,48
DA:31,480
DA:32,480
DA:33,480
DA:35,480
LF:16
LH:16
BRDA:30,1,0,3
BRDA:30,1,1,45
BRDA:30,2,0,48
BRDA:30,2,1,47
BRDA:36,3,0,45
BRDA:36,3,1,3
BRDA:43,4,0,480
BRDA:43,4,1,0
BRDA:43,5,0,480
BRDA:43,5,1,480
BRF:10
BRH:9
end_of_record
TN:
SF:/Users/ben_cripps/Documents/Dev/jss/reactgrid/src/components/layout/row/PlaceHolder.jsx
FN:8,(anonymous_1)
FN:18,_interopRequireDefault
FN:20,PlaceHolder
FNF:3
FNH:3
FNDA:0,(anonymous_1)
FNDA:1,_interopRequireDefault
FNDA:1,PlaceHolder
DA:0,1
DA:1,1
DA:3,1
DA:4,1
DA:6,1
DA:8,1
DA:12,1
DA:16,1
DA:25,1
DA:29,1
LF:10
LH:10
BRDA:8,1,0,1
BRDA:8,1,1,0
BRDA:8,2,0,0
BRDA:8,2,1,0
BRDA:18,3,0,0
BRDA:18,3,1,1
BRDA:18,4,0,1
BRDA:18,4,1,1
BRF:8
BRH:8
end_of_record
TN:
SF:/Users/ben_cripps/Documents/Dev/jss/reactgrid/src/util/getCurrentRecords.js
FN:6,getCurrentRecords
FNF:1
FNH:1
FNDA:32,getCurrentRecords
DA:0,1
DA:1,1
DA:2,32
DA:3,0
DA:6,32
DA:8,32
LF:6
LH:5
BRDA:7,1,0,0
BRDA:7,1,1,32
BRF:2
BRH:1
end_of_record
TN:
SF:/Users/ben_cripps/Documents/Dev/jss/reactgrid/src/components/plugins/pager/Toolbar.jsx
FN:8,(anonymous_1)
FN:10,(anonymous_2)
FN:10,defineProperties
FN:10,(anonymous_4)
FN:36,_interopRequireDefault
FN:38,_classCallCheck
FN:40,_possibleConstructorReturn
FN:42,_inherits
FN:44,(anonymous_9)
FN:49,render
FN:92,componentDidMount
FN:108,PagerToolbar
FN:124,isElementInViewport
FN:132,shouldStick
FN:142,setWidthResetListener
FN:147,(anonymous_16)
FN:162,createScrollListener
FN:173,defaultListener
FN:234,toolbarRenderer
FN:242,getCustomComponent
FN:246,getCurrentRecordTotal
FN:256,getTotal
FN:269,getPager
FN:345,getPagingSource
FN:353,mapStateToProps
FNF:25
FNH:22
FNDA:0,(anonymous_1)
FNDA:1,(anonymous_2)
FNDA:2,defineProperties
FNDA:2,(anonymous_4)
FNDA:2,_interopRequireDefault
FNDA:9,_classCallCheck
FNDA:9,_possibleConstructorReturn
FNDA:1,_inherits
FNDA:1,(anonymous_9)
FNDA:54,render
FNDA:6,componentDidMount
FNDA:9,PagerToolbar
FNDA:0,isElementInViewport
FNDA:0,shouldStick
FNDA:0,setWidthResetListener
FNDA:0,(anonymous_16)
FNDA:0,createScrollListener
FNDA:0,defaultListener
FNDA:0,toolbarRenderer
FNDA:54,getCustomComponent
FNDA:11,getCurrentRecordTotal
FNDA:11,getTotal
FNDA:11,getPager
FNDA:54,getPagingSource
FNDA:51,mapStateToProps
DA:0,9
DA:1,1
DA:2,1
DA:3,1
DA:5,1
DA:6,1
DA:8,1
DA:9,1
DA:10,1
DA:11,1
DA:12,1
DA:16,54
DA:31,54
DA:35,54
DA:45,54
DA:46,10
DA:49,44
DA:68,44
DA:71,6
DA:75,6
DA:79,6
DA:81,6
DA:83,6
DA:84,0
DA:90,9
DA:93,9
DA:125,0
DA:126,0
DA:129,0
DA:137,0
DA:139,0
DA:149,0
DA:153,0
DA:158,0
DA:162,0
DA:164,0
DA:166,0
DA:170,0
DA:171,0
DA:180,0
DA:182,0
DA:183,0
DA:184,0
DA:188,0
DA:190,0
DA:192,0
DA:195,0
DA:196,0
DA:200,0
DA:201,0
DA:209,0
DA:210,0
DA:218,0
DA:219,0
DA:228,0
DA:237,1
DA:238,54
DA:245,1
DA:249,11
DA:252,0
DA:255,11
DA:256,9
DA:257,9
DA:262,1
DA:264,11
DA:265,2
DA:268,9
DA:269,0
DA:272,9
DA:273,9
DA:278,1
DA:296,11
DA:298,11
DA:306,11
DA:307,0
DA:308,0
DA:311,11
DA:312,0
DA:313,0
DA:316,11
DA:320,11
DA:322,11
DA:330,11
DA:336,11
DA:340,11
DA:378,1
DA:379,54
DA:382,0
DA:385,54
DA:388,1
DA:390,51
DA:397,1
LF:92
LH:55
BRDA:8,1,0,1
BRDA:8,1,1,0
BRDA:8,2,0,0
BRDA:8,2,1,0
BRDA:10,3,0,6
BRDA:10,3,1,6
BRDA:10,4,0,6
BRDA:10,4,1,0
BRDA:10,5,0,2
BRDA:10,5,1,0
BRDA:10,6,0,0
BRDA:10,6,1,2
BRDA:36,7,0,0
BRDA:36,7,1,2
BRDA:36,8,0,2
BRDA:36,8,1,2
BRDA:38,9,0,0
BRDA:38,9,1,9
BRDA:40,10,0,0
BRDA:40,10,1,9
BRDA:40,11,0,0
BRDA:40,11,1,9
BRDA:40,12,0,9
BRDA:40,12,1,0
BRDA:40,12,2,0
BRDA:42,13,0,0
BRDA:42,13,1,1
BRDA:42,14,0,1
BRDA:42,14,1,0
BRDA:42,15,0,1
BRDA:42,15,1,1
BRDA:42,16,0,1
BRDA:42,16,1,0
BRDA:42,17,0,1
BRDA:42,17,1,0
BRDA:82,18,0,10
BRDA:82,18,1,44
BRDA:86,19,0,11
BRDA:86,19,1,33
BRDA:96,20,0,0
BRDA:96,20,1,6
BRDA:102,21,0,0
BRDA:102,21,1,6
BRDA:102,22,0,6
BRDA:102,22,1,0
BRDA:128,23,0,0
BRDA:128,23,1,0
BRDA:128,23,2,0
BRDA:128,23,3,0
BRDA:128,24,0,0
BRDA:128,24,1,0
BRDA:128,25,0,0
BRDA:128,25,1,0
BRDA:138,26,0,0
BRDA:138,26,1,0
BRDA:153,27,0,0
BRDA:153,27,1,0
BRDA:153,28,0,0
BRDA:153,28,1,0
BRDA:167,29,0,0
BRDA:167,29,1,0
BRDA:169,30,0,0
BRDA:169,30,1,0
BRDA:179,31,0,0
BRDA:179,31,1,0
BRDA:188,32,0,0
BRDA:188,32,1,0
BRDA:188,33,0,0
BRDA:188,33,1,0
BRDA:195,34,0,0
BRDA:195,34,1,0
BRDA:195,35,0,0
BRDA:195,35,1,0
BRDA:205,36,0,0
BRDA:205,36,1,0
BRDA:235,37,0,0
BRDA:235,37,1,0
BRDA:243,38,0,10
BRDA:243,38,1,44
BRDA:243,39,0,54
BRDA:243,39,1,53
BRDA:243,39,2,21
BRDA:248,40,0,0
BRDA:248,40,1,11
BRDA:248,41,0,11
BRDA:248,41,1,0
BRDA:248,41,2,0
BRDA:250,42,0,9
BRDA:250,42,1,2
BRDA:252,43,0,9
BRDA:252,43,1,0
BRDA:258,44,0,2
BRDA:258,44,1,9
BRDA:258,45,0,11
BRDA:258,45,1,9
BRDA:262,46,0,0
BRDA:262,46,1,9
BRDA:262,47,0,9
BRDA:262,47,1,9
BRDA:264,48,0,9
BRDA:264,48,1,0
BRDA:264,49,0,9
BRDA:264,49,1,9
BRDA:271,50,0,11
BRDA:271,50,1,0
BRDA:271,50,2,11
BRDA:274,51,0,0
BRDA:274,51,1,11
BRDA:274,52,0,0
BRDA:274,52,1,11
BRDA:277,53,0,0
BRDA:277,53,1,11
BRDA:282,54,0,0
BRDA:282,54,1,11
BRDA:283,55,0,0
BRDA:283,55,1,0
BRDA:305,56,0,0
BRDA:305,56,1,11
BRDA:305,57,0,11
BRDA:305,57,1,11
BRDA:346,58,0,0
BRDA:346,58,1,54
BRDA:346,59,0,54
BRDA:346,59,1,53
BRDA:346,59,2,21
BRF:125
BRH:75
end_of_record
TN:
SF:/Users/ben_cripps/Documents/Dev/jss/reactgrid/src/components/plugins/pager/toolbar/Button.jsx
FN:18,_interopRequireDefault
FN:20,Button
FN:45,handleButtonClick
FN:58,isButtonDisabled
FNF:4
FNH:4
FNDA:1,_interopRequireDefault
FNDA:21,Button
FNDA:3,handleButtonClick
FNDA:25,isButtonDisabled
DA:0,1
DA:1,1
DA:2,1
DA:3,1
DA:5,1
DA:10,1
DA:13,21
DA:15,21
DA:22,21
DA:27,1
DA:29,3
DA:31,3
DA:32,1
DA:37,2
DA:38,1
DA:44,1
DA:48,1
DA:50,25
DA:51,12
DA:53,13
DA:54,13
DA:58,1
DA:72,1
LF:23
LH:23
BRDA:18,1,0,0
BRDA:18,1,1,1
BRDA:18,2,0,1
BRDA:18,2,1,1
BRDA:37,3,0,11
BRDA:37,3,1,10
BRDA:49,4,0,1
BRDA:49,4,1,2
BRDA:51,5,0,1
BRDA:51,5,1,1
BRDA:51,6,0,2
BRDA:51,6,1,1
BRDA:60,7,0,12
BRDA:60,7,1,13
BRDA:62,8,0,13
BRDA:62,8,1,0
BRDA:63,9,0,13
BRDA:63,9,1,4
BRF:18
BRH:17
end_of_record
TN:
SF:/Users/ben_cripps/Documents/Dev/jss/reactgrid/src/components/plugins/pager/toolbar/Description.jsx
FN:12,_interopRequireDefault
FN:14,Description
FN:35,toolbarRenderer
FNF:3
FNH:3
FNDA:1,_interopRequireDefault
FNDA:15,Description
FNDA:14,toolbarRenderer
DA:0,1
DA:1,1
DA:3,15
DA:5,15
DA:12,1
DA:16,1
DA:18,14
DA:19,1
DA:22,13
DA:24,13
LF:10
LH:10
BRDA:12,1,0,0
BRDA:12,1,1,1
BRDA:12,2,0,1
BRDA:12,2,1,1
BRDA:36,3,0,1
BRDA:36,3,1,13
BRF:6
BRH:6
end_of_record
TN:
SF:/Users/ben_cripps/Documents/Dev/jss/reactgrid/src/components/plugins/errorhandler/Message.jsx
FN:22,_interopRequireDefault
FN:24,Message
FN:41,handleButtonClick
FN:45,getMessage
FN:85,mapStateToProps
FNF:5
FNH:3
FNDA:1,_interopRequireDefault
FNDA:51,Message
FNDA:0,handleButtonClick
FNDA:51,getMessage
FNDA:0,mapStateToProps
DA:0,1
DA:1,1
DA:2,1
DA:3,1
DA:4,1
DA:5,1
DA:6,1
DA:10,51
DA:12,51
DA:18,51
DA:20,51
DA:23,51
DA:25,51
DA:28,1
DA:29,0
DA:32,1
DA:34,51
DA:41,51
DA:45,51
DA:49,51
DA:59,1
DA:65,1
DA:67,1
DA:68,0
LF:24
LH:22
BRDA:22,1,0,0
BRDA:22,1,1,1
BRDA:22,2,0,1
BRDA:22,2,1,1
BRDA:30,3,0,0
BRDA:30,3,1,51
BRDA:30,4,0,51
BRDA:30,4,1,0
BRDA:30,4,2,0
BRDA:32,5,0,51
BRDA:32,5,1,0
BRDA:34,6,0,0
BRDA:34,6,1,51
BRDA:34,7,0,51
BRDA:34,7,1,0
BRDA:48,8,0,0
BRDA:48,8,1,51
BRF:17
BRH:10
end_of_record
TN:
SF:/Users/ben_cripps/Documents/Dev/jss/reactgrid/src/components/plugins/bulkactions/Toolbar.jsx
FN:8,(anonymous_1)
FN:8,defineProperties
FN:8,(anonymous_3)
FN:30,_interopRequireDefault
FN:32,_classCallCheck
FN:34,_possibleConstructorReturn
FN:36,_inherits
FN:38,(anonymous_8)
FN:43,render
FN:56,componentDidUpdate
FN:69,(anonymous_11)
FN:79,BulkActionToolbar
FN:90,handleChange
FN:117,getTotalSelection
FN:118,(anonymous_15)
FN:125,getToolbar
FN:155,getAction
FN:170,mapStateToProps
FNF:18
FNH:11
FNDA:1,(anonymous_1)
FNDA:2,defineProperties
FNDA:2,(anonymous_3)
FNDA:1,_interopRequireDefault
FNDA:0,_classCallCheck
FNDA:0,_possibleConstructorReturn
FNDA:1,_inherits
FNDA:1,(anonymous_8)
FNDA:0,render
FNDA:0,componentDidUpdate
FNDA:0,(anonymous_11)
FNDA:0,BulkActionToolbar
FNDA:0,handleChange
FNDA:0,getTotalSelection
FNDA:0,(anonymous_15)
FNDA:0,getToolbar
FNDA:0,getAction
FNDA:0,mapStateToProps
DA:0,3
DA:1,1
DA:2,1
DA:3,1
DA:4,1
DA:5,1
DA:6,1
DA:7,1
DA:8,1
DA:11,1
DA:17,0
DA:21,0
DA:29,0
DA:32,0
DA:34,0
DA:35,0
DA:37,0
DA:38,0
DA:39,0
DA:40,0
DA:41,0
DA:45,0
DA:46,0
DA:51,1
DA:53,0
DA:66,0
DA:70,0
DA:71,0
DA:75,0
DA:81,1
DA:82,0
DA:84,0
DA:87,0
DA:90,1
DA:91,0
DA:93,0
DA:97,0
DA:100,0
DA:108,0
DA:113,0
DA:115,0
DA:125,1
DA:127,0
DA:133,0
DA:140,1
DA:142,0
LF:46
LH:15
BRDA:8,1,0,3
BRDA:8,1,1,3
BRDA:8,2,0,3
BRDA:8,2,1,0
BRDA:8,3,0,2
BRDA:8,3,1,0
BRDA:8,4,0,0
BRDA:8,4,1,2
BRDA:30,5,0,0
BRDA:30,5,1,1
BRDA:30,6,0,1
BRDA:30,6,1,1
BRDA:32,7,0,0
BRDA:32,7,1,0
BRDA:34,8,0,0
BRDA:34,8,1,0
BRDA:34,9,0,0
BRDA:34,9,1,0
BRDA:34,10,0,0
BRDA:34,10,1,0
BRDA:34,10,2,0
BRDA:36,11,0,0
BRDA:36,11,1,1
BRDA:36,12,0,1
BRDA:36,12,1,0
BRDA:36,13,0,1
BRDA:36,13,1,1
BRDA:36,14,0,1
BRDA:36,14,1,0
BRDA:36,15,0,1
BRDA:36,15,1,0
BRDA:50,16,0,0
BRDA:50,16,1,0
BRDA:50,17,0,0
BRDA:50,17,1,0
BRDA:50,17,2,0
BRDA:63,18,0,0
BRDA:63,18,1,0
BRDA:66,19,0,0
BRDA:66,19,1,0
BRDA:67,20,0,0
BRDA:67,20,1,0
BRDA:67,21,0,0
BRDA:67,21,1,0
BRDA:72,22,0,0
BRDA:72,22,1,0
BRDA:72,23,0,0
BRDA:72,23,1,0
BRDA:97,24,0,0
BRDA:97,24,1,0
BRDA:97,25,0,0
BRDA:97,25,1,0
BRDA:118,26,0,0
BRDA:118,26,1,0
BRDA:118,27,0,0
BRDA:118,27,1,0
BRDA:128,28,0,0
BRDA:128,28,1,0
BRDA:130,29,0,0
BRDA:130,29,1,0
BRDA:130,30,0,0
BRDA:130,30,1,0
BRF:62
BRH:31
end_of_record
TN:
SF:/Users/ben_cripps/Documents/Dev/jss/reactgrid/src/components/plugins/filtercontainer/Toolbar.jsx
FN:38,_interopRequireDefault
FN:40,FilterToolbar
FN:82,getToolbar
FN:126,setFilterValue
FN:133,handleKeyUp
FN:154,mapStateToProps
FNF:6
FNH:1
FNDA:3,_interopRequireDefault
FNDA:0,FilterToolbar
FNDA:0,getToolbar
FNDA:0,setFilterValue
FNDA:0,handleKeyUp
FNDA:0,mapStateToProps
DA:0,3
DA:1,1
DA:2,1
DA:4,1
DA:5,1
DA:6,1
DA:7,1
DA:8,1
DA:10,1
DA:13,1
DA:14,1
DA:15,1
DA:18,1
DA:23,1
DA:34,0
DA:36,0
DA:42,0
DA:43,0
DA:46,0
DA:61,0
DA:64,1
DA:77,1
DA:82,1
DA:95,0
DA:97,0
DA:103,0
DA:109,0
DA:112,0
DA:115,0
DA:118,0
DA:122,0
DA:126,0
DA:130,0
DA:155,1
DA:157,0
DA:159,0
DA:162,1
DA:164,0
DA:166,0
DA:168,0
DA:169,0
DA:172,0
DA:173,0
DA:178,0
DA:179,0
DA:185,0
DA:190,1
DA:192,0
LF:48
LH:20
BRDA:38,1,0,2
BRDA:38,1,1,1
BRDA:38,2,0,3
BRDA:38,2,1,3
BRDA:53,3,0,0
BRDA:53,3,1,0
BRDA:53,4,0,0
BRDA:53,4,1,0
BRDA:53,4,2,0
BRDA:55,5,0,0
BRDA:55,5,1,0
BRDA:59,6,0,0
BRDA:59,6,1,0
BRDA:84,7,0,0
BRDA:84,7,1,0
BRDA:86,8,0,0
BRDA:86,8,1,0
BRDA:86,8,2,0
BRDA:86,8,3,0
BRDA:86,8,4,0
BRDA:88,9,0,0
BRDA:88,9,1,0
BRDA:88,10,0,0
BRDA:88,10,1,0
BRDA:88,10,2,0
BRDA:90,11,0,0
BRDA:90,11,1,0
BRDA:90,12,0,0
BRDA:90,12,1,0
BRDA:92,13,0,0
BRDA:92,13,1,0
BRDA:92,14,0,0
BRDA:92,14,1,0
BRDA:92,14,2,0
BRDA:96,15,0,0
BRDA:96,15,1,0
BRDA:96,16,0,0
BRDA:96,16,1,0
BRDA:98,17,0,0
BRDA:98,17,1,0
BRDA:100,18,0,0
BRDA:100,18,1,0
BRDA:137,19,0,0
BRDA:137,19,1,0
BRDA:139,20,0,0
BRDA:139,20,1,0
BRDA:143,21,0,0
BRDA:143,21,1,0
BRDA:145,22,0,0
BRDA:145,22,1,0
BRF:50
BRH:4
end_of_record
TN:
SF:/Users/ben_cripps/Documents/Dev/jss/reactgrid/src/components/plugins/filtercontainer/Menu.jsx
FN:8,(anonymous_1)
FN:26,_interopRequireDefault
FN:28,FilterMenu
FN:53,(anonymous_4)
FN:117,mapStateToProps
FNF:5
FNH:2
FNDA:0,(anonymous_1)
FNDA:1,_interopRequireDefault
FNDA:0,FilterMenu
FNDA:0,(anonymous_4)
FNDA:0,mapStateToProps
DA:0,1
DA:1,1
DA:2,1
DA:4,1
DA:5,1
DA:7,1
DA:8,1
DA:9,1
DA:11,1
DA:13,0
DA:17,0
DA:22,0
DA:26,0
DA:29,0
DA:33,0
DA:43,0
DA:59,1
DA:71,1
DA:87,1
DA:89,0
LF:20
LH:12
BRDA:8,1,0,1
BRDA:8,1,1,0
BRDA:8,2,0,0
BRDA:8,2,1,0
BRDA:26,3,0,0
BRDA:26,3,1,1
BRDA:26,4,0,1
BRDA:26,4,1,1
BRDA:53,5,0,0
BRDA:53,5,1,0
BRDA:53,6,0,0
BRDA:53,6,1,0
BRF:12
BRH:8
end_of_record
TN:
SF:/Users/ben_cripps/Documents/Dev/jss/reactgrid/src/components/plugins/filtercontainer/menu/Button.jsx
FN:22,_interopRequireDefault
FN:24,Button
FN:62,handleButtonClick
FNF:3
FNH:1
FNDA:2,_interopRequireDefault
FNDA:0,Button
FNDA:0,handleButtonClick
DA:0,2
DA:1,1
DA:3,1
DA:4,1
DA:5,1
DA:6,1
DA:13,1
DA:15,0
DA:17,0
DA:25,0
DA:33,1
DA:44,1
DA:48,1
DA:50,0
DA:53,0
DA:55,0
DA:56,0
DA:58,0
DA:59,0
DA:62,0
DA:63,0
DA:64,0
DA:67,0
DA:69,0
DA:70,0
DA:78,0
DA:79,0
LF:27
LH:10
BRDA:22,1,0,1
BRDA:22,1,1,1
BRDA:22,2,0,2
BRDA:22,2,1,2
BRDA:38,3,0,0
BRDA:38,3,1,0
BRDA:64,4,0,0
BRDA:64,4,1,0
BRDA:67,5,0,0
BRDA:67,5,1,0
BRDA:70,6,0,0
BRDA:70,6,1,0
BRDA:74,7,0,0
BRDA:74,7,1,0
BRDA:77,8,0,0
BRDA:77,8,1,0
BRDA:79,9,0,0
BRDA:79,9,1,0
BRDA:84,10,0,0
BRDA:84,10,1,0
BRF:20
BRH:4
end_of_record
TN:
SF:/Users/ben_cripps/Documents/Dev/jss/reactgrid/src/util/filterUtils.js
FN:7,(anonymous_1)
FN:7,defineProperties
FN:7,(anonymous_3)
FN:9,_classCallCheck
FN:11,(anonymous_5)
FN:12,FilterUtils
FN:18,byKeyword
FN:19,(anonymous_8)
FN:34,byMenu
FN:40,(anonymous_10)
FNF:10
FNH:8
FNDA:1,(anonymous_1)
FNDA:1,defineProperties
FNDA:1,(anonymous_3)
FNDA:1,_classCallCheck
FNDA:1,(anonymous_5)
FNDA:1,FilterUtils
FNDA:0,byKeyword
FNDA:0,(anonymous_8)
FNDA:0,byMenu
FNDA:0,(anonymous_10)
DA:0,2
DA:2,1
DA:7,0
DA:9,0
DA:11,0
DA:12,0
DA:13,0
DA:17,0
DA:23,0
DA:24,0
DA:27,0
DA:29,0
DA:31,0
DA:33,0
DA:34,0
DA:36,0
DA:37,0
DA:39,0
DA:45,0
LF:19
LH:2
BRDA:7,1,0,2
BRDA:7,1,1,2
BRDA:7,2,0,2
BRDA:7,2,1,0
BRDA:7,3,0,1
BRDA:7,3,1,0
BRDA:7,4,0,0
BRDA:7,4,1,1
BRDA:9,5,0,0
BRDA:9,5,1,1
BRDA:24,6,0,0
BRDA:24,6,1,0
BRDA:36,7,0,0
BRDA:36,7,1,0
BRDA:47,8,0,0
BRDA:47,8,1,0
BRDA:49,9,0,0
BRDA:49,9,1,0
BRDA:50,10,0,0
BRDA:50,10,1,0
BRF:20
BRH:10
end_of_record
TN:
SF:/Users/ben_cripps/Documents/Dev/jss/reactgrid/src/components/plugins/filtercontainer/menu/Input.jsx
FN:20,_interopRequireDefault
FN:22,_defineProperty
FN:24,Input
FN:76,handleDynamicInputChange
FNF:4
FNH:2
FNDA:1,_interopRequireDefault
FNDA:0,_defineProperty
FNDA:0,Input
FNDA:0,handleDynamicInputChange
DA:0,1
DA:1,1
DA:3,1
DA:4,1
DA:5,1
DA:7,1
DA:11,1
DA:13,0
DA:15,0
DA:21,0
DA:26,0
DA:36,0
DA:42,0
DA:52,1
DA:58,1
DA:62,1
DA:64,0
DA:65,0
DA:66,0
DA:68,0
DA:70,0
DA:71,0
DA:72,0
DA:75,0
LF:24
LH:10
BRDA:20,1,0,0
BRDA:20,1,1,1
BRDA:20,2,0,1
BRDA:20,2,1,1
BRDA:22,3,0,0
BRDA:22,3,1,0
BRDA:33,4,0,0
BRDA:33,4,1,0
BRDA:33,5,0,0
BRDA:33,5,1,0
BRDA:33,5,2,0
BRDA:80,6,0,0
BRDA:80,6,1,0
BRDA:80,7,0,0
BRDA:80,7,1,0
BRDA:83,8,0,0
BRDA:83,8,1,0
BRF:17
BRH:6
end_of_record
TN:
SF:/Users/ben_cripps/Documents/Dev/jss/reactgrid/src/components/plugins/filtercontainer/toolbar/Input.jsx
FN:22,_interopRequireDefault
FN:24,Input
FN:46,handleKeyUp
FN:67,setFilterValue
FNF:4
FNH:1
FNDA:2,_interopRequireDefault
FNDA:0,Input
FNDA:0,handleKeyUp
FNDA:0,setFilterValue
DA:0,2
DA:1,1
DA:3,1
DA:4,1
DA:6,1
DA:7,1
DA:12,1
DA:13,0
DA:15,0
DA:24,0
DA:29,1
DA:31,0
DA:33,0
DA:35,0
DA:36,0
DA:39,0
DA:40,0
DA:45,0
DA:46,0
DA:52,0
DA:57,1
DA:59,0
DA:61,0
DA:64,1
DA:70,1
LF:25
LH:11
BRDA:22,1,0,1
BRDA:22,1,1,1
BRDA:22,2,0,2
BRDA:22,2,1,2
BRDA:50,3,0,0
BRDA:50,3,1,0
BRDA:52,4,0,0
BRDA:52,4,1,0
BRDA:56,5,0,0
BRDA:56,5,1,0
BRDA:58,6,0,0
BRDA:58,6,1,0
BRF:12
BRH:4
end_of_record
TN:
SF:/Users/ben_cripps/Documents/Dev/jss/reactgrid/src/components/plugins/filtercontainer/toolbar/SearchButton.jsx
FN:16,_interopRequireDefault
FN:18,SearchButton
FNF:2
FNH:1
FNDA:1,_interopRequireDefault
FNDA:0,SearchButton
DA:0,1
DA:1,1
DA:3,1
DA:4,1
DA:6,1
DA:8,0
DA:12,0
DA:18,1
DA:20,1
LF:9
LH:7
BRDA:16,1,0,0
BRDA:16,1,1,1
BRDA:16,2,0,1
BRDA:16,2,1,1
BRF:4
BRH:4
end_of_record
TN:
SF:/Users/ben_cripps/Documents/Dev/jss/reactgrid/src/components/plugins/filtercontainer/toolbar/ClearButton.jsx
FN:18,_interopRequireDefault
FN:20,ClearButton
FN:35,clearFilter
FNF:3
FNH:1
FNDA:1,_interopRequireDefault
FNDA:0,ClearButton
FNDA:0,clearFilter
DA:0,1
DA:1,1
DA:3,1
DA:4,1
DA:6,1
DA:11,1
DA:13,0
DA:18,0
DA:24,1
DA:26,0
DA:27,0
DA:30,0
DA:31,0
DA:34,0
DA:37,1
DA:39,1
LF:16
LH:9
BRDA:18,1,0,0
BRDA:18,1,1,1
BRDA:18,2,0,1
BRDA:18,2,1,1
BRDA:37,3,0,0
BRDA:37,3,1,0
BRDA:39,4,0,0
BRDA:39,4,1,0
BRF:8
BRH:4
end_of_record
TN:
SF:/Users/ben_cripps/Documents/Dev/jss/reactgrid/src/components/plugins/filtercontainer/toolbar/FilterButton.jsx
FN:18,_interopRequireDefault
FN:20,FilterButton
FN:35,handleFilterMenuButtonClick
FNF:3
FNH:1
FNDA:1,_interopRequireDefault
FNDA:0,FilterButton
FNDA:0,handleFilterMenuButtonClick
DA:0,1
DA:1,1
DA:3,1
DA:4,1
DA:6,1
DA:8,1
DA:10,0
DA:16,0
DA:22,1
DA:23,0
DA:24,0
DA:27,1
DA:33,1
LF:13
LH:9
BRDA:18,1,0,0
BRDA:18,1,1,1
BRDA:18,2,0,1
BRDA:18,2,1,1
BRDA:28,3,0,0
BRDA:28,3,1,0
BRDA:36,4,0,0
BRDA:36,4,1,0
BRF:8
BRH:4
end_of_record
TN:
SF:/Users/ben_cripps/Documents/Dev/jss/reactgrid/src/components/plugins/loader/LoadingBar.jsx
FN:18,_interopRequireDefault
FN:20,LoadingBar
FNF:2
FNH:2
FNDA:1,_interopRequireDefault
FNDA:51,LoadingBar
DA:0,1
DA:1,1
DA:2,1
DA:3,1
DA:4,1
DA:6,51
DA:8,51
DA:10,51
DA:11,0
DA:14,51
DA:17,51
DA:21,51
DA:26,1
DA:32,1
LF:14
LH:13
BRDA:18,1,0,0
BRDA:18,1,1,1
BRDA:18,2,0,1
BRDA:18,2,1,1
BRDA:27,3,0,0
BRDA:27,3,1,51
BRDA:27,4,0,51
BRDA:27,4,1,0
BRDA:31,5,0,51
BRDA:31,5,1,0
BRDA:34,6,0,0
BRDA:34,6,1,51
BRF:12
BRH:8
end_of_record
TN:
SF:/Users/ben_cripps/Documents/Dev/jss/reactgrid/src/components/core/ColumnManager.js
FN:7,(anonymous_1)
FN:7,defineProperties
FN:7,(anonymous_3)
FN:29,_interopRequireDefault
FN:31,_classCallCheck
FN:33,(anonymous_6)
FN:34,ColumnManager
FN:40,init
FN:50,(anonymous_9)
FN:90,doSort
FN:129,addActionColumn
FNF:11
FNH:11
FNDA:1,(anonymous_1)
FNDA:1,defineProperties
FNDA:1,(anonymous_3)
FNDA:3,_interopRequireDefault
FNDA:7,_classCallCheck
FNDA:1,(anonymous_6)
FNDA:7,ColumnManager
FNDA:7,init
FNDA:14,(anonymous_9)
FNDA:0,doSort
FNDA:154,addActionColumn
DA:0,7
DA:1,1
DA:2,1
DA:3,1
DA:4,1
DA:5,1
DA:6,1
DA:7,1
DA:13,7
DA:15,14
DA:17,7
DA:45,7
DA:48,7
DA:49,7
DA:50,7
DA:51,7
DA:52,7
DA:53,7
DA:54,7
DA:55,7
DA:60,0
DA:62,0
DA:64,0
DA:71,0
DA:76,0
DA:81,0
DA:82,0
DA:93,0
DA:107,154
DA:110,154
DA:111,154
DA:129,154
DA:130,24
DA:133,154
LF:34
LH:26
BRDA:7,1,0,3
BRDA:7,1,1,3
BRDA:7,2,0,3
BRDA:7,2,1,0
BRDA:7,3,0,1
BRDA:7,3,1,0
BRDA:7,4,0,0
BRDA:7,4,1,1
BRDA:29,5,0,2
BRDA:29,5,1,1
BRDA:29,6,0,3
BRDA:29,6,1,3
BRDA:31,7,0,0
BRDA:31,7,1,7
BRDA:64,8,0,0
BRDA:64,8,1,7
BRDA:64,9,0,7
BRDA:64,9,1,7
BRDA:64,9,2,0
BRDA:64,9,3,0
BRDA:77,10,0,0
BRDA:77,10,1,7
BRDA:77,11,0,7
BRDA:77,11,1,7
BRDA:108,12,0,0
BRDA:108,12,1,0
BRDA:108,13,0,0
BRDA:108,13,1,0
BRDA:110,14,0,0
BRDA:110,14,1,0
BRDA:110,15,0,0
BRDA:110,15,1,0
BRDA:112,16,0,0
BRDA:112,16,1,0
BRDA:160,17,0,24
BRDA:160,17,1,130
BRF:36
BRH:22
end_of_record
TN:
SF:/Users/ben_cripps/Documents/Dev/jss/reactgrid/src/components/plugins/gridactions/ActionColumn.jsx
FN:26,_interopRequireDefault
FN:28,ActionColumn
FN:79,enableActions
FN:82,(anonymous_4)
FN:90,(anonymous_5)
FN:98,(anonymous_6)
FN:106,getHeader
FN:112,(anonymous_8)
FN:120,onCheckboxChange
FN:124,EVENT_HANDLER
FN:166,addKeysToActions
FN:176,getColumn
FN:205,handleHideMenu
FN:225,hide
FN:226,(anonymous_15)
FN:233,removeEvent
FN:266,handleActionClick
FNF:17
FNH:9
FNDA:1,_interopRequireDefault
FNDA:24,ActionColumn
FNDA:24,enableActions
FNDA:0,(anonymous_4)
FNDA:0,(anonymous_5)
FNDA:48,(anonymous_6)
FNDA:16,getHeader
FNDA:32,(anonymous_8)
FNDA:0,onCheckboxChange
FNDA:0,EVENT_HANDLER
FNDA:4,addKeysToActions
FNDA:8,getColumn
FNDA:0,handleHideMenu
FNDA:0,hide
FNDA:0,(anonymous_15)
FNDA:0,removeEvent
FNDA:1,handleActionClick
DA:0,1
DA:1,1
DA:2,1
DA:3,1
DA:6,1
DA:7,1
DA:8,1
DA:9,1
DA:10,1
DA:12,1
DA:26,24
DA:28,24
DA:30,24
DA:38,24
DA:45,24
DA:49,24
DA:53,24
DA:84,1
DA:95,1
DA:99,1
DA:101,1
DA:108,24
DA:110,0
DA:112,0
DA:117,0
DA:118,0
DA:119,0
DA:120,0
DA:128,24
DA:129,48
DA:133,24
DA:137,1
DA:153,16
DA:155,16
DA:157,16
DA:159,32
DA:162,32
DA:171,0
DA:172,0
DA:188,0
DA:193,16
DA:197,16
DA:209,16
DA:218,1
DA:220,4
DA:221,3
DA:225,1
DA:226,1
DA:230,1
DA:245,8
DA:261,8
DA:262,0
DA:267,8
DA:276,1
DA:280,0
DA:284,0
DA:287,0
DA:291,0
DA:295,0
DA:298,0
DA:302,0
DA:303,0
DA:304,0
DA:306,0
DA:308,0
DA:309,0
DA:312,0
DA:317,0
DA:318,0
DA:321,0
DA:322,0
DA:325,0
DA:326,0
DA:327,0
DA:330,0
DA:331,0
DA:332,0
DA:335,0
DA:336,0
DA:337,0
DA:340,0
DA:341,0
DA:342,0
DA:348,0
DA:349,0
DA:350,0
DA:353,0
DA:354,0
DA:358,1
DA:362,1
DA:363,1
DA:365,1
DA:366,1
DA:369,1
LF:94
LH:50
BRDA:26,1,0,0
BRDA:26,1,1,1
BRDA:26,2,0,1
BRDA:26,2,1,1
BRDA:44,3,0,4
BRDA:44,3,1,20
BRDA:44,4,0,24
BRDA:44,4,1,8
BRDA:47,5,0,4
BRDA:47,5,1,20
BRDA:53,6,0,4
BRDA:53,6,1,20
BRDA:53,7,0,4
BRDA:53,7,1,4
BRDA:53,8,0,20
BRDA:53,8,1,20
BRDA:59,9,0,16
BRDA:59,9,1,8
BRDA:81,10,0,0
BRDA:81,10,1,24
BRDA:81,11,0,24
BRDA:81,11,1,4
BRDA:81,11,2,4
BRDA:89,12,0,0
BRDA:89,12,1,0
BRDA:91,13,0,0
BRDA:91,13,1,0
BRDA:110,14,0,16
BRDA:110,14,1,0
BRDA:114,15,0,0
BRDA:114,15,1,32
BRDA:125,16,0,0
BRDA:125,16,1,0
BRDA:125,17,0,0
BRDA:125,17,1,0
BRDA:146,18,0,0
BRDA:146,18,1,16
BRDA:168,19,0,3
BRDA:168,19,1,1
BRDA:168,20,0,4
BRDA:168,20,1,4
BRDA:178,21,0,4
BRDA:178,21,1,4
BRDA:190,22,0,0
BRDA:190,22,1,8
BRDA:190,23,0,8
BRDA:190,23,1,8
BRDA:190,23,2,8
BRDA:209,24,0,0
BRDA:209,24,1,0
BRDA:211,25,0,0
BRDA:211,25,1,0
BRDA:213,26,0,0
BRDA:213,26,1,0
BRDA:215,27,0,0
BRDA:215,27,1,0
BRDA:217,28,0,0
BRDA:217,28,1,0
BRDA:219,29,0,0
BRDA:219,29,1,0
BRDA:221,30,0,0
BRDA:221,30,1,0
BRDA:223,31,0,0
BRDA:223,31,1,0
BRDA:231,32,0,0
BRDA:231,32,1,0
BRDA:237,33,0,0
BRDA:237,33,1,0
BRDA:241,34,0,0
BRDA:241,34,1,0
BRDA:241,35,0,0
BRDA:241,35,1,0
BRDA:241,35,2,0
BRDA:244,36,0,0
BRDA:244,36,1,0
BRDA:244,37,0,0
BRDA:244,37,1,0
BRDA:247,38,0,0
BRDA:247,38,1,0
BRDA:250,39,0,0
BRDA:250,39,1,0
BRDA:250,40,0,0
BRDA:250,40,1,0
BRDA:250,40,2,0
BRDA:258,41,0,0
BRDA:258,41,1,0
BRDA:258,42,0,0
BRDA:258,42,1,0
BRDA:261,43,0,0
BRDA:261,43,1,0
BRDA:261,44,0,0
BRDA:261,44,1,0
BRDA:271,45,0,1
BRDA:271,45,1,0
BRF:94
BRH:36
end_of_record
TN:
SF:/Users/ben_cripps/Documents/Dev/jss/reactgrid/src/components/plugins/gridactions/actioncolumn/Menu.jsx
FN:8,(anonymous_1)
FN:18,_interopRequireDefault
FN:20,Menu
FN:51,getEditAction
FNF:4
FNH:3
FNDA:0,(anonymous_1)
FNDA:1,_interopRequireDefault
FNDA:4,Menu
FNDA:0,getEditAction
DA:0,1
DA:1,1
DA:2,1
DA:3,1
DA:5,1
DA:16,4
DA:18,4
DA:19,0
DA:26,4
DA:38,4
DA:43,1
DA:46,0
DA:55,1
DA:68,1
LF:14
LH:12
BRDA:8,1,0,1
BRDA:8,1,1,0
BRDA:8,2,0,0
BRDA:8,2,1,0
BRDA:18,3,0,0
BRDA:18,3,1,1
BRDA:18,4,0,1
BRDA:18,4,1,1
BRDA:33,5,0,0
BRDA:33,5,1,4
BRDA:33,6,0,4
BRDA:33,6,1,0
BRF:12
BRH:10
end_of_record
TN:
SF:/Users/ben_cripps/Documents/Dev/jss/reactgrid/src/components/core/menu/Menu.jsx
FN:8,(anonymous_1)
FN:8,defineProperties
FN:8,(anonymous_3)
FN:24,_interopRequireDefault
FN:26,_classCallCheck
FN:28,_possibleConstructorReturn
FN:30,_inherits
FN:32,(anonymous_8)
FN:35,Menu
FN:43,render
FN:63,getMenuItem
FN:99,getUniqueItems
FN:100,(anonymous_13)
FN:103,(anonymous_14)
FN:109,mapStateToProps
FNF:15
FNH:15
FNDA:1,(anonymous_1)
FNDA:1,defineProperties
FNDA:1,(anonymous_3)
FNDA:1,_interopRequireDefault
FNDA:3,_classCallCheck
FNDA:3,_possibleConstructorReturn
FNDA:1,_inherits
FNDA:1,(anonymous_8)
FNDA:3,Menu
FNDA:6,render
FNDA:12,getMenuItem
FNDA:6,getUniqueItems
FNDA:12,(anonymous_13)
FNDA:12,(anonymous_14)
FNDA:4,mapStateToProps
DA:0,3
DA:1,1
DA:2,1
DA:4,1
DA:5,1
DA:6,1
DA:7,1
DA:11,6
DA:15,6
DA:19,6
DA:21,6
DA:25,6
DA:43,12
DA:47,12
DA:48,12
DA:58,12
DA:60,0
DA:64,1
DA:65,12
DA:66,6
DA:67,12
DA:69,6
DA:72,1
DA:73,4
DA:76,1
LF:25
LH:24
BRDA:8,1,0,2
BRDA:8,1,1,2
BRDA:8,2,0,2
BRDA:8,2,1,0
BRDA:8,3,0,1
BRDA:8,3,1,0
BRDA:8,4,0,0
BRDA:8,4,1,1
BRDA:24,5,0,0
BRDA:24,5,1,1
BRDA:24,6,0,1
BRDA:24,6,1,1
BRDA:26,7,0,0
BRDA:26,7,1,3
BRDA:28,8,0,0
BRDA:28,8,1,3
BRDA:28,9,0,0
BRDA:28,9,1,3
BRDA:28,10,0,3
BRDA:28,10,1,0
BRDA:28,10,2,0
BRDA:30,11,0,0
BRDA:30,11,1,1
BRDA:30,12,0,1
BRDA:30,12,1,0
BRDA:30,13,0,1
BRDA:30,13,1,1
BRDA:30,14,0,1
BRDA:30,14,1,0
BRDA:30,15,0,1
BRDA:30,15,1,0
BRDA:53,16,0,6
BRDA:53,16,1,0
BRDA:53,17,0,6
BRDA:53,17,1,6
BRDA:70,18,0,12
BRDA:70,18,1,0
BRF:37
BRH:35
end_of_record
TN:
SF:/Users/ben_cripps/Documents/Dev/jss/reactgrid/src/components/core/menu/MenuItem.jsx
FN:8,(anonymous_1)
FN:8,defineProperties
FN:8,(anonymous_3)
FN:22,_interopRequireDefault
FN:24,_classCallCheck
FN:26,_possibleConstructorReturn
FN:28,_inherits
FN:30,(anonymous_8)
FN:33,MenuItem
FN:41,render
FN:55,onClick
FN:71,handleMenuItemClick
FN:95,getCheckbox
FNF:13
FNH:13
FNDA:1,(anonymous_1)
FNDA:1,defineProperties
FNDA:1,(anonymous_3)
FNDA:1,_interopRequireDefault
FNDA:7,_classCallCheck
FNDA:7,_possibleConstructorReturn
FNDA:1,_inherits
FNDA:1,(anonymous_8)
FNDA:7,MenuItem
FNDA:13,render
FNDA:3,onClick
FNDA:3,handleMenuItemClick
FNDA:0,getCheckbox
DA:0,7
DA:1,1
DA:2,1
DA:3,1
DA:4,1
DA:5,1
DA:9,13
DA:18,13
DA:25,3
DA:31,13
DA:35,13
DA:59,2
DA:60,3
DA:61,0
DA:64,3
DA:65,1
DA:68,2
DA:73,2
DA:74,1
DA:77,2
DA:78,2
DA:84,0
DA:87,0
DA:94,0
DA:100,1
LF:25
LH:21
BRDA:8,1,0,3
BRDA:8,1,1,3
BRDA:8,2,0,3
BRDA:8,2,1,0
BRDA:8,3,0,1
BRDA:8,3,1,0
BRDA:8,4,0,0
BRDA:8,4,1,1
BRDA:22,5,0,0
BRDA:22,5,1,1
BRDA:22,6,0,1
BRDA:22,6,1,1
BRDA:24,7,0,0
BRDA:24,7,1,7
BRDA:26,8,0,0
BRDA:26,8,1,7
BRDA:26,9,0,0
BRDA:26,9,1,7
BRDA:26,10,0,7
BRDA:26,10,1,0
BRDA:26,10,2,0
BRDA:28,11,0,0
BRDA:28,11,1,1
BRDA:28,12,0,1
BRDA:28,12,1,0
BRDA:28,13,0,1
BRDA:28,13,1,1
BRDA:28,14,0,1
BRDA:28,14,1,0
BRDA:28,15,0,1
BRDA:28,15,1,0
BRDA:53,16,0,0
BRDA:53,16,1,13
BRDA:60,17,0,0
BRDA:60,17,1,13
BRDA:72,18,0,0
BRDA:72,18,1,3
BRDA:72,19,0,3
BRDA:72,19,1,0
BRDA:76,20,0,1
BRDA:76,20,1,2
BRDA:80,21,0,2
BRDA:80,21,1,0
BRDA:85,22,0,1
BRDA:85,22,1,1
BRDA:89,23,0,2
BRDA:89,23,1,0
BRDA:97,24,0,0
BRDA:97,24,1,0
BRDA:103,25,0,0
BRDA:103,25,1,0
BRF:51
BRH:41
end_of_record
TN:
SF:/Users/ben_cripps/Documents/Dev/jss/reactgrid/src/util/emptyFn.js
FN:6,emptyFn
FNF:1
FNH:0
FNDA:0,emptyFn
DA:0,1
DA:1,1
LF:2
LH:2
BRF:0
BRH:0
end_of_record
TN:
SF:/Users/ben_cripps/Documents/Dev/jss/reactgrid/src/util/sorter.js
FN:7,(anonymous_1)
FN:7,defineProperties
FN:7,(anonymous_3)
FN:11,_classCallCheck
FN:13,(anonymous_5)
FN:14,Sorter
FN:20,sortBy
FN:21,(anonymous_8)
FNF:8
FNH:7
FNDA:1,(anonymous_1)
FNDA:1,defineProperties
FNDA:1,(anonymous_3)
FNDA:1,_classCallCheck
FNDA:1,(anonymous_5)
FNDA:1,Sorter
FNDA:0,sortBy
FNDA:0,(anonymous_8)
DA:0,1
DA:1,1
DA:4,1
DA:9,0
DA:11,0
DA:12,0
DA:15,0
DA:16,0
LF:8
LH:3
BRDA:7,1,0,1
BRDA:7,1,1,1
BRDA:7,2,0,1
BRDA:7,2,1,0
BRDA:7,3,0,1
BRDA:7,3,1,0
BRDA:7,4,0,0
BRDA:7,4,1,1
BRDA:11,5,0,0
BRDA:11,5,1,1
BRDA:23,6,0,0
BRDA:23,6,1,0
BRDA:23,7,0,0
BRDA:23,7,1,0
BRDA:24,8,0,0
BRDA:24,8,1,0
BRDA:25,9,0,0
BRDA:25,9,1,0
BRDA:26,10,0,0
BRDA:26,10,1,0
BRF:20
BRH:10
end_of_record
TN:
SF:/Users/ben_cripps/Documents/Dev/jss/reactgrid/src/components/plugins/selection/Model.js
FN:7,(anonymous_1)
FN:7,defineProperties
FN:7,(anonymous_3)
FN:21,_interopRequireDefault
FN:23,_classCallCheck
FN:25,(anonymous_6)
FN:26,Model
FN:32,init
FN:63,handleSelectionEvent
FN:90,updateCells
FNF:10
FNH:10
FNDA:1,(anonymous_1)
FNDA:1,defineProperties
FNDA:1,(anonymous_3)
FNDA:1,_interopRequireDefault
FNDA:8,_classCallCheck
FNDA:1,(anonymous_6)
FNDA:8,Model
FNDA:8,init
FNDA:0,handleSelectionEvent
FNDA:154,updateCells
DA:0,8
DA:1,1
DA:2,1
DA:3,1
DA:4,1
DA:5,1
DA:11,8
DA:16,8
DA:18,8
DA:29,8
DA:32,8
DA:33,8
DA:34,8
DA:35,8
DA:36,8
DA:37,8
DA:42,0
DA:43,0
DA:46,0
DA:47,0
DA:50,0
DA:59,0
DA:60,0
DA:63,0
DA:64,0
DA:71,154
DA:73,154
DA:82,154
DA:84,0
DA:87,154
LF:30
LH:20
BRDA:7,1,0,3
BRDA:7,1,1,3
BRDA:7,2,0,3
BRDA:7,2,1,0
BRDA:7,3,0,1
BRDA:7,3,1,0
BRDA:7,4,0,0
BRDA:7,4,1,1
BRDA:21,5,0,0
BRDA:21,5,1,1
BRDA:21,6,0,1
BRDA:21,6,1,1
BRDA:23,7,0,0
BRDA:23,7,1,8
BRDA:52,8,0,2
BRDA:52,8,1,6
BRDA:52,9,0,8
BRDA:52,9,1,8
BRDA:65,10,0,0
BRDA:65,10,1,0
BRDA:69,11,0,0
BRDA:69,11,1,0
BRDA:80,12,0,0
BRDA:80,12,1,0
BRDA:84,13,0,0
BRDA:84,13,1,0
BRDA:103,14,0,0
BRDA:103,14,1,154
BRDA:103,15,0,154
BRDA:103,15,1,154
BRF:30
BRH:21
end_of_record
TN:
SF:/Users/ben_cripps/Documents/Dev/jss/reactgrid/src/components/plugins/selection/CheckBox.jsx
FN:8,(anonymous_1)
FN:24,_interopRequireDefault
FN:26,CheckBox
FN:49,handleChange
FN:61,getHeader
FN:70,getColumn
FN:88,mapStateToProps
FNF:7
FNH:5
FNDA:0,(anonymous_1)
FNDA:1,_interopRequireDefault
FNDA:3,CheckBox
FNDA:0,handleChange
FNDA:1,getHeader
FNDA:2,getColumn
FNDA:0,mapStateToProps
DA:0,1
DA:1,1
DA:2,1
DA:3,1
DA:4,1
DA:5,1
DA:6,1
DA:8,3
DA:10,3
DA:14,3
DA:21,3
DA:26,1
DA:27,0
DA:29,0
DA:30,0
DA:31,0
DA:34,0
DA:39,1
DA:41,1
DA:49,1
DA:50,2
DA:58,1
DA:66,1
DA:68,1
DA:70,0
DA:77,1
LF:26
LH:20
BRDA:8,1,0,1
BRDA:8,1,1,0
BRDA:8,2,0,0
BRDA:8,2,1,0
BRDA:24,3,0,0
BRDA:24,3,1,1
BRDA:24,4,0,1
BRDA:24,4,1,1
BRDA:41,5,0,3
BRDA:41,5,1,0
BRDA:46,6,0,1
BRDA:46,6,1,2
BRDA:52,7,0,0
BRDA:52,7,1,0
BRDA:53,8,0,0
BRDA:53,8,1,0
BRF:16
BRH:11
end_of_record
TN:
SF:/Users/ben_cripps/Documents/Dev/jss/reactgrid/src/components/plugins/editor/Manager.js
FN:7,(anonymous_1)
FN:7,defineProperties
FN:7,(anonymous_3)
FN:17,_interopRequireDefault
FN:19,_classCallCheck
FN:21,(anonymous_6)
FN:22,Manager
FN:28,init
FN:49,getComponent
FNF:9
FNH:9
FNDA:1,(anonymous_1)
FNDA:1,defineProperties
FNDA:1,(anonymous_3)
FNDA:2,_interopRequireDefault
FNDA:6,_classCallCheck
FNDA:1,(anonymous_6)
FNDA:6,Manager
FNDA:6,init
FNDA:51,getComponent
DA:0,6
DA:1,1
DA:2,1
DA:8,6
DA:14,6
DA:18,6
DA:21,6
DA:22,6
DA:23,6
DA:24,6
DA:29,51
DA:38,51
DA:39,44
DA:42,7
DA:43,7
DA:49,0
LF:16
LH:15
BRDA:7,1,0,2
BRDA:7,1,1,2
BRDA:7,2,0,2
BRDA:7,2,1,0
BRDA:7,3,0,1
BRDA:7,3,1,0
BRDA:7,4,0,0
BRDA:7,4,1,1
BRDA:17,5,0,1
BRDA:17,5,1,1
BRDA:17,6,0,2
BRDA:17,6,1,2
BRDA:19,7,0,0
BRDA:19,7,1,6
BRDA:40,8,0,2
BRDA:40,8,1,4
BRDA:40,9,0,6
BRDA:40,9,1,6
BRDA:60,10,0,44
BRDA:60,10,1,7
BRDA:62,11,0,7
BRDA:62,11,1,0
BRF:22
BRH:21
end_of_record
TN:
SF:/Users/ben_cripps/Documents/Dev/jss/reactgrid/src/components/plugins/editor/Inline.jsx
FN:8,(anonymous_1)
FN:8,defineProperties
FN:8,(anonymous_3)
FN:28,_interopRequireDefault
FN:30,_classCallCheck
FN:32,_possibleConstructorReturn
FN:34,_inherits
FN:36,(anonymous_8)
FN:39,Inline
FN:47,render
FN:97,componentDidUpdate
FN:127,getRowFromInput
FN:140,resetEditorPosition
FN:159,focusFirstEditor
FN:167,isEditorShown
FN:189,mapStateToProps
FNF:16
FNH:15
FNDA:1,(anonymous_1)
FNDA:1,defineProperties
FNDA:1,(anonymous_3)
FNDA:1,_interopRequireDefault
FNDA:1,_classCallCheck
FNDA:1,_possibleConstructorReturn
FNDA:1,_inherits
FNDA:1,(anonymous_8)
FNDA:1,Inline
FNDA:7,render
FNDA:6,componentDidUpdate
FNDA:0,getRowFromInput
FNDA:6,resetEditorPosition
FNDA:2,focusFirstEditor
FNDA:17,isEditorShown
FNDA:7,mapStateToProps
DA:0,2
DA:1,1
DA:2,1
DA:4,1
DA:6,1
DA:7,1
DA:8,1
DA:9,1
DA:10,1
DA:16,7
DA:26,7
DA:28,7
DA:29,2
DA:32,7
DA:44,7
DA:48,7
DA:70,6
DA:77,6
DA:79,6
DA:80,0
DA:83,6
DA:85,2
DA:86,2
DA:89,4
DA:90,4
DA:97,1
DA:99,0
DA:100,0
DA:101,0
DA:104,0
DA:107,0
DA:111,1
DA:112,6
DA:116,6
DA:117,0
DA:119,0
DA:120,0
DA:122,0
DA:123,0
DA:134,1
DA:135,2
DA:139,2
DA:140,0
DA:144,1
DA:145,17
DA:148,1
DA:159,1
DA:166,1
DA:167,7
LF:49
LH:37
BRDA:8,1,0,2
BRDA:8,1,1,2
BRDA:8,2,0,2
BRDA:8,2,1,0
BRDA:8,3,0,1
BRDA:8,3,1,0
BRDA:8,4,0,0
BRDA:8,4,1,1
BRDA:28,5,0,0
BRDA:28,5,1,1
BRDA:28,6,0,1
BRDA:28,6,1,1
BRDA:30,7,0,0
BRDA:30,7,1,1
BRDA:32,8,0,0
BRDA:32,8,1,1
BRDA:32,9,0,0
BRDA:32,9,1,1
BRDA:32,10,0,1
BRDA:32,10,1,0
BRDA:32,10,2,0
BRDA:34,11,0,0
BRDA:34,11,1,1
BRDA:34,12,0,1
BRDA:34,12,1,0
BRDA:34,13,0,1
BRDA:34,13,1,1
BRDA:34,14,0,1
BRDA:34,14,1,0
BRDA:34,15,0,1
BRDA:34,15,1,0
BRDA:58,16,0,2
BRDA:58,16,1,5
BRDA:63,17,0,2
BRDA:63,17,1,5
BRDA:63,18,0,7
BRDA:63,18,1,3
BRDA:111,19,0,0
BRDA:111,19,1,6
BRDA:115,20,0,2
BRDA:115,20,1,4
BRDA:115,21,0,6
BRDA:115,21,1,2
BRDA:118,22,0,4
BRDA:118,22,1,0
BRDA:129,23,0,0
BRDA:129,23,1,0
BRDA:130,24,0,0
BRDA:130,24,1,0
BRDA:143,25,0,0
BRDA:143,25,1,6
BRDA:146,26,0,0
BRDA:146,26,1,0
BRDA:146,27,0,0
BRDA:146,27,1,0
BRDA:149,28,0,0
BRDA:149,28,1,0
BRDA:162,29,0,0
BRDA:162,29,1,2
BRDA:162,30,0,2
BRDA:162,30,1,0
BRDA:168,31,0,17
BRDA:168,31,1,7
BRF:63
BRH:48
end_of_record
TN:
SF:/Users/ben_cripps/Documents/Dev/jss/reactgrid/src/components/plugins/editor/inline/Button.jsx
FN:18,_interopRequireDefault
FN:20,Button
FN:67,onButtonClick
FNF:3
FNH:3
FNDA:1,_interopRequireDefault
FNDA:14,Button
FNDA:1,onButtonClick
DA:0,1
DA:1,1
DA:3,1
DA:4,1
DA:5,1
DA:10,1
DA:19,14
DA:21,14
DA:23,14
DA:38,14
DA:42,0
DA:45,14
DA:52,1
DA:61,1
DA:70,1
DA:74,1
DA:75,1
DA:78,0
DA:80,0
DA:88,0
DA:89,0
DA:91,0
DA:96,0
LF:23
LH:16
BRDA:18,1,0,0
BRDA:18,1,1,1
BRDA:18,2,0,1
BRDA:18,2,1,1
BRDA:31,3,0,7
BRDA:31,3,1,7
BRDA:35,4,0,7
BRDA:35,4,1,7
BRDA:38,5,0,0
BRDA:38,5,1,14
BRDA:38,6,0,14
BRDA:38,6,1,7
BRDA:38,6,2,3
BRDA:38,6,3,2
BRDA:69,7,0,1
BRDA:69,7,1,0
BRDA:71,8,0,0
BRDA:71,8,1,0
BRDA:79,9,0,0
BRDA:79,9,1,0
BRF:20
BRH:14
end_of_record
TN:
SF:/Users/ben_cripps/Documents/Dev/jss/reactgrid/src/util/getEditorTop.js
FN:8,getEditorTop
FNF:1
FNH:0
FNDA:0,getEditorTop
DA:0,1
DA:1,1
DA:3,1
DA:5,0
DA:6,0
DA:9,0
LF:6
LH:3
BRDA:10,1,0,0
BRDA:10,1,1,0
BRF:2
BRH:0
end_of_record
TN:
SF:/Users/ben_cripps/Documents/Dev/jss/reactgrid/src/util/mapStateToProps.js
FN:10,mapStateToProps
FNF:1
FNH:1
FNDA:51,mapStateToProps
DA:0,1
DA:1,1
DA:3,1
DA:4,51
LF:4
LH:4
BRF:0
BRH:0
end_of_record
TN:
SF:/Users/ben_cripps/Documents/Dev/jss/reactgrid/src/store/store.js
FN:12,_interopRequireDefault
FNF:1
FNH:1
FNDA:1,_interopRequireDefault
DA:0,1
DA:1,1
DA:3,1
LF:3
LH:3
BRDA:12,1,0,1
BRDA:12,1,1,0
BRDA:12,2,0,1
BRDA:12,2,1,1
BRF:4
BRH:4
end_of_record
TN:
SF:/Users/ben_cripps/Documents/Dev/jss/reactgrid/src/store/configureStore.js
FN:22,_interopRequireDefault
FN:24,configureStore
FN:29,(anonymous_3)
FNF:3
FNH:2
FNDA:3,_interopRequireDefault
FNDA:1,configureStore
FNDA:0,(anonymous_3)
DA:0,3
DA:1,1
DA:2,1
DA:3,1
DA:4,1
DA:6,1
DA:7,1
DA:8,1
DA:10,1
DA:11,0
DA:12,0
DA:13,0
DA:17,1
LF:13
LH:10
BRDA:22,1,0,2
BRDA:22,1,1,1
BRDA:22,2,0,3
BRDA:22,2,1,3
BRDA:28,3,0,0
BRDA:28,3,1,1
BRF:6
BRH:5
end_of_record
TN:
SF:/Users/ben_cripps/Documents/Dev/jss/reactgrid/src/reducers/index.js
FN:50,_interopRequireDefault
FNF:1
FNH:1
FNDA:10,_interopRequireDefault
DA:0,10
DA:1,1
DA:2,1
DA:3,1
DA:4,1
DA:5,1
DA:6,1
DA:7,1
DA:8,1
DA:9,1
DA:10,1
DA:11,1
DA:13,1
DA:26,1
LF:14
LH:14
BRDA:50,1,0,10
BRDA:50,1,1,0
BRDA:50,2,0,10
BRDA:50,2,1,10
BRF:4
BRH:4
end_of_record
TN:
SF:/Users/ben_cripps/Documents/Dev/jss/reactgrid/src/reducers/components/grid.js
FN:16,gridState
FNF:1
FNH:1
FNDA:24,gridState
DA:0,1
DA:1,1
DA:3,1
DA:9,1
DA:11,1
DA:13,24
DA:15,24
DA:18,7
DA:24,1
DA:30,1
DA:37,15
LF:11
LH:11
BRDA:17,1,0,5
BRDA:17,1,1,19
BRDA:17,2,0,24
BRDA:17,2,1,24
BRDA:21,3,0,7
BRDA:21,3,1,1
BRDA:21,3,2,1
BRDA:21,3,3,15
BRF:8
BRH:8
end_of_record
TN:
SF:/Users/ben_cripps/Documents/Dev/jss/reactgrid/src/reducers/components/datasource.js
FN:16,dataSource
FN:68,(anonymous_2)
FNF:2
FNH:2
FNDA:33,dataSource
FNDA:1,(anonymous_2)
DA:0,1
DA:1,1
DA:2,1
DA:12,1
DA:14,1
DA:16,33
DA:17,33
DA:20,9
DA:29,2
DA:30,2
DA:32,2
DA:33,2
DA:43,0
DA:46,2
DA:50,2
DA:59,2
DA:60,2
DA:61,2
DA:63,2
DA:64,0
DA:67,2
DA:70,1
DA:73,2
DA:81,1
DA:85,1
DA:93,1
DA:100,1
DA:101,1
DA:102,1
DA:104,1
DA:112,1
DA:119,14
LF:32
LH:30
BRDA:17,1,0,5
BRDA:17,1,1,28
BRDA:17,2,0,33
BRDA:17,2,1,33
BRDA:20,3,0,9
BRDA:20,3,1,2
BRDA:20,3,2,2
BRDA:20,3,3,2
BRDA:20,3,4,1
BRDA:20,3,5,1
BRDA:20,3,6,1
BRDA:20,3,7,1
BRDA:20,3,8,14
BRDA:26,4,0,9
BRDA:26,4,1,8
BRDA:27,5,0,9
BRDA:27,5,1,8
BRDA:35,6,0,2
BRDA:35,6,1,0
BRDA:49,7,0,2
BRDA:49,7,1,1
BRDA:61,8,0,2
BRDA:61,8,1,2
BRDA:62,9,0,2
BRDA:62,9,1,2
BRDA:64,10,0,0
BRDA:64,10,1,2
BRDA:64,11,0,2
BRDA:64,11,1,2
BRDA:68,12,0,1
BRDA:68,12,1,1
BRDA:68,13,0,2
BRDA:68,13,1,2
BRDA:68,13,2,1
BRDA:99,14,0,1
BRDA:99,14,1,0
BRF:36
BRH:33
end_of_record
TN:
SF:/Users/ben_cripps/Documents/Dev/jss/reactgrid/src/reducers/components/plugins/editor.js
FN:8,(anonymous_1)
FN:8,(anonymous_2)
FN:24,isCellValid
FN:34,isRowValid
FN:48,editor
FN:52,(anonymous_6)
FN:84,(anonymous_7)
FNF:7
FNH:7
FNDA:36,(anonymous_1)
FNDA:0,(anonymous_2)
FNDA:18,isCellValid
FNDA:8,isRowValid
FNDA:28,editor
FNDA:28,(anonymous_6)
FNDA:2,(anonymous_7)
DA:0,36
DA:1,1
DA:3,1
DA:12,1
DA:17,1
DA:19,1
DA:23,18
DA:24,18
DA:25,10
DA:28,8
DA:31,1
DA:32,8
DA:34,15
DA:35,15
DA:37,15
DA:38,2
DA:42,6
DA:45,28
DA:47,28
DA:51,4
DA:53,4
DA:65,1
DA:67,1
DA:69,1
DA:73,1
DA:74,2
DA:75,2
DA:77,0
DA:81,1
DA:83,1
DA:89,1
DA:96,1
DA:100,1
DA:111,4
DA:117,18
LF:35
LH:34
BRDA:8,1,0,1
BRDA:8,1,1,0
BRDA:8,2,0,1
BRDA:8,2,1,1
BRDA:8,3,0,0
BRDA:8,3,1,0
BRDA:8,4,0,0
BRDA:8,4,1,0
BRDA:8,4,2,0
BRDA:27,5,0,10
BRDA:27,5,1,8
BRDA:27,6,0,18
BRDA:27,6,1,8
BRDA:27,7,0,0
BRDA:27,7,1,8
BRDA:40,8,0,2
BRDA:40,8,1,13
BRDA:49,9,0,5
BRDA:49,9,1,23
BRDA:49,10,0,28
BRDA:49,10,1,28
BRDA:54,11,0,4
BRDA:54,11,1,1
BRDA:54,11,2,1
BRDA:54,11,3,1
BRDA:54,11,4,4
BRDA:54,11,5,4
BRDA:54,11,6,18
BRDA:68,12,0,4
BRDA:68,12,1,3
BRDA:86,13,0,0
BRDA:86,13,1,2
BRDA:86,14,0,2
BRDA:86,14,1,0
BRDA:86,14,2,2
BRDA:130,15,0,28
BRDA:130,15,1,0
BRDA:130,16,0,0
BRDA:130,16,1,28
BRF:39
BRH:34
end_of_record
TN:
SF:/Users/ben_cripps/Documents/Dev/jss/reactgrid/src/reducers/components/plugins/menu.js
FN:14,_defineProperty
FN:18,menu
FNF:2
FNH:2
FNDA:10,_defineProperty
FNDA:25,menu
DA:0,10
DA:1,1
DA:3,1
DA:8,1
DA:10,1
DA:12,25
DA:14,25
DA:17,3
DA:23,2
DA:24,2
DA:30,0
DA:36,20
LF:12
LH:11
BRDA:14,1,0,0
BRDA:14,1,1,10
BRDA:21,2,0,5
BRDA:21,2,1,20
BRDA:21,3,0,25
BRDA:21,3,1,25
BRDA:25,4,0,3
BRDA:25,4,1,2
BRDA:25,4,2,20
BRDA:31,5,0,2
BRDA:31,5,1,0
BRF:11
BRH:10
end_of_record
TN:
SF:/Users/ben_cripps/Documents/Dev/jss/reactgrid/src/reducers/components/plugins/pager.js
FN:18,pager
FNF:1
FNH:1
FNDA:23,pager
DA:0,1
DA:1,1
DA:3,1
DA:8,1
DA:10,1
DA:14,23
DA:16,23
DA:19,1
DA:25,1
DA:31,21
LF:10
LH:10
BRDA:19,1,0,5
BRDA:19,1,1,18
BRDA:19,2,0,23
BRDA:19,2,1,23
BRDA:23,3,0,1
BRDA:23,3,1,1
BRDA:23,3,2,21
BRF:7
BRH:7
end_of_record
TN:
SF:/Users/ben_cripps/Documents/Dev/jss/reactgrid/src/reducers/components/plugins/loader.js
FN:18,loader
FNF:1
FNH:1
FNDA:23,loader
DA:0,1
DA:1,1
DA:3,1
DA:7,1
DA:9,1
DA:13,23
DA:15,23
DA:18,2
DA:24,21
LF:9
LH:9
BRDA:19,1,0,5
BRDA:19,1,1,18
BRDA:19,2,0,23
BRDA:19,2,1,23
BRDA:23,3,0,2
BRDA:23,3,1,21
BRF:6
BRH:6
end_of_record
TN:
SF:/Users/ben_cripps/Documents/Dev/jss/reactgrid/src/reducers/components/plugins/bulkaction.js
FN:16,bulkaction
FNF:1
FNH:1
FNDA:23,bulkaction
DA:0,1
DA:1,1
DA:3,1
DA:7,1
DA:9,1
DA:11,23
DA:13,23
DA:16,2
DA:22,21
LF:9
LH:9
BRDA:17,1,0,5
BRDA:17,1,1,18
BRDA:17,2,0,23
BRDA:17,2,1,23
BRDA:21,3,0,2
BRDA:21,3,1,21
BRF:6
BRH:6
end_of_record
TN:
SF:/Users/ben_cripps/Documents/Dev/jss/reactgrid/src/reducers/components/plugins/filter.js
FN:16,filter
FNF:1
FNH:1
FNDA:25,filter
DA:0,1
DA:1,1
DA:3,1
DA:9,1
DA:11,1
DA:13,25
DA:15,25
DA:18,1
DA:25,2
DA:29,2
DA:36,1
DA:42,21
LF:12
LH:12
BRDA:17,1,0,5
BRDA:17,1,1,20
BRDA:17,2,0,25
BRDA:17,2,1,25
BRDA:21,3,0,1
BRDA:21,3,1,2
BRDA:21,3,2,1
BRDA:21,3,3,21
BRF:8
BRH:8
end_of_record
TN:
SF:/Users/ben_cripps/Documents/Dev/jss/reactgrid/src/reducers/components/plugins/selection.js
FN:7,(anonymous_1)
FN:17,_defineProperty
FN:21,selection
FNF:3
FNH:3
FNDA:0,(anonymous_1)
FNDA:8,_defineProperty
FNDA:27,selection
DA:0,8
DA:1,1
DA:3,1
DA:9,1
DA:11,1
DA:13,27
DA:15,27
DA:18,1
DA:24,1
DA:29,4
DA:31,4
DA:32,3
DA:39,1
DA:45,21
LF:14
LH:14
BRDA:7,1,0,1
BRDA:7,1,1,0
BRDA:7,2,0,0
BRDA:7,2,1,0
BRDA:17,3,0,0
BRDA:17,3,1,8
BRDA:24,4,0,5
BRDA:24,4,1,22
BRDA:24,5,0,27
BRDA:24,5,1,27
BRDA:28,6,0,1
BRDA:28,6,1,1
BRDA:28,6,2,4
BRDA:28,6,3,21
BRDA:43,7,0,3
BRDA:43,7,1,1
BRDA:43,8,0,4
BRDA:43,8,1,2
BRDA:46,9,0,1
BRDA:46,9,1,2
BRDA:50,10,0,0
BRDA:50,10,1,1
BRF:22
BRH:21
end_of_record
TN:
SF:/Users/ben_cripps/Documents/Dev/jss/reactgrid/src/reducers/components/plugins/errorhandler.js
FN:16,errorhandler
FNF:1
FNH:1
FNDA:24,errorhandler
DA:0,1
DA:1,1
DA:3,1
DA:8,1
DA:10,1
DA:12,24
DA:14,24
DA:17,2
DA:24,1
DA:31,21
LF:10
LH:10
BRDA:17,1,0,5
BRDA:17,1,1,19
BRDA:17,2,0,24
BRDA:17,2,1,24
BRDA:21,3,0,2
BRDA:21,3,1,1
BRDA:21,3,2,21
BRF:7
BRH:7
end_of_record
TN:
SF:/Users/ben_cripps/Documents/Dev/jss/reactgrid/test/testUtils/index.js
FN:37,_interopRequireDefault
FN:41,setup
FN:54,stopPropagation
FN:57,getSelModel
FN:72,getColumnManager
FN:88,getMockStore
FNF:6
FNH:4
FNDA:6,_interopRequireDefault
FNDA:0,setup
FNDA:0,stopPropagation
FNDA:2,getSelModel
FNDA:1,getColumnManager
FNDA:12,getMockStore
DA:0,6
DA:1,1
DA:2,1
DA:3,1
DA:4,1
DA:5,1
DA:6,1
DA:7,1
DA:9,1
DA:11,1
DA:12,0
DA:13,0
DA:15,0
DA:17,0
DA:23,1
DA:27,1
DA:29,2
DA:31,2
DA:40,2
DA:43,1
DA:44,1
DA:46,1
DA:56,1
DA:59,12
DA:60,12
DA:61,12
DA:62,12
DA:63,12
LF:28
LH:24
BRDA:37,1,0,3
BRDA:37,1,1,3
BRDA:37,2,0,6
BRDA:37,2,1,6
BRF:4
BRH:4
end_of_record
TN:
SF:/Users/ben_cripps/Documents/Dev/jss/reactgrid/test/testUtils/data.js
FNF:0
FNH:0
DA:0,1
DA:1,1
DA:6,1
DA:10,1
DA:12,1
DA:25,1
DA:38,1
DA:49,1
DA:54,1
DA:61,1
LF:10
LH:10
BRF:0
BRH:0
end_of_record
TN:
SF:/Users/ben_cripps/Documents/Dev/jss/reactgrid/src/index.js
FN:15,_interopRequireDefault
FNF:1
FNH:1
FNDA:1,_interopRequireDefault
DA:0,1
DA:1,1
DA:3,1
DA:4,1
DA:6,1
DA:8,1
DA:10,1
DA:18,1
LF:8
LH:8
BRDA:15,1,0,1
BRDA:15,1,1,0
BRDA:15,2,0,1
BRDA:15,2,1,1
BRF:4
BRH:4
end_of_record
TN:
SF:/Users/ben_cripps/Documents/Dev/jss/reactgrid/test/karma.config.js
FN:14,exports
FNF:1
FNH:0
FNDA:0,exports
DA:1,1
DA:2,1
DA:4,1
DA:8,1
DA:10,1
DA:12,1
DA:16,1
DA:17,0
LF:8
LH:7
BRDA:6,1,0,0
BRDA:6,1,1,1
BRDA:6,2,0,1
BRDA:6,2,1,1
BRDA:8,3,0,1
BRDA:8,3,1,1
BRDA:10,4,0,0
BRDA:10,4,1,1
BRDA:12,5,0,0
BRDA:12,5,1,1
BRF:10
BRH:7
end_of_record
TN:
SF:/Users/ben_cripps/Documents/Dev/jss/reactgrid/webpack/loaders.js
FNF:0
FNH:0
DA:1,1
DA:3,1
LF:2
LH:2
BRF:0
BRH:0
end_of_record
TN:
SF:/Users/ben_cripps/Documents/Dev/jss/reactgrid/webpack/preloaders.js
FNF:0
FNH:0
DA:1,1
LF:1
LH:1
BRF:0
BRH:0
end_of_record
TN:
SF:/Users/ben_cripps/Documents/Dev/jss/reactgrid/src/components/layout/table-row/row/PlaceHolder.jsx
FN:8,(anonymous_1)
FN:18,_interopRequireDefault
FN:20,PlaceHolder
FNF:3
FNH:2
FNDA:0,(anonymous_1)
FNDA:1,_interopRequireDefault
FNDA:0,PlaceHolder
DA:0,1
DA:1,1
DA:3,1
DA:4,1
DA:6,1
DA:8,0
DA:12,0
DA:16,0
DA:25,1
DA:29,1
LF:10
LH:7
BRDA:8,1,0,1
BRDA:8,1,1,0
BRDA:8,2,0,0
BRDA:8,2,1,0
BRDA:18,3,0,0
BRDA:18,3,1,1
BRDA:18,4,0,1
BRDA:18,4,1,1
BRF:8
BRH:8
end_of_record
